<?xml version="1.0" encoding="UTF-8"?>
<testsuite xmlns:xsi="http://www.w3.org/2001/XMLSchema-instance" xsi:noNamespaceSchemaLocation="https://maven.apache.org/surefire/maven-surefire-plugin/xsd/surefire-test-report-3.0.xsd" version="3.0" name="TestSuite" time="8.181" tests="18" errors="0" skipped="0" failures="6">
  <properties>
[...]
</properties>
  <testcase name="runScenario[&quot;User should be able to add pupil with only required parameters&quot;, &quot;Optional[Add Pupil request functional tests]&quot;](1)" classname="testRunner.TestNGTestRunner" time="2.325">
    <system-out><![CDATA[...
... TestNG 7.3.0 by CÃ©dric Beust (cedric@beust.com)
...

2021-03-20 19:01:00,258 main ERROR appenders Appenders has no parameter that matches element PatternLayout
Loading properties file: C:\Users\laksh\IdeaProjects\SnappetAPITest/src/test/java/config/apiconfig.properties
---------------------------------------------------------------------
Scenario Started: User should be able to add pupil with only required parameters
Set Add Pupil request URL as http://localhost:3000/pupils
Request method:	POST
Request URI:	http://localhost:3000/pupils
Proxy:			<none>
Request params:	<none>
Query params:	<none>
Form params:	<none>
Path params:	<none>
Headers:		Authorization=Basic dGVzdENhbmRpZGF0ZTpQQHNzdzByZA==
				Accept=*/*
				Content-Type=application/json; charset=UTF-8
Cookies:		<none>
Multiparts:		<none>
Body:
{
    "firstName": "Umanga",
    "lastName": "Madawala",
    "gradeId": 1
}
HTTP/1.1 201 Created
X-Powered-By: Express
Location: /pupils/610671
Content-Type: application/json; charset=utf-8
Content-Length: 75
ETag: W/"4b-4nDNVDeNoNR/LmGEV7IiqDHLoww"
Date: Sat, 20 Mar 2021 11:01:02 GMT
Connection: keep-alive

{
    "firstName": "Umanga",
    "lastName": "Madawala",
    "gradeId": 1,
    "pupilId": "610671"
}
Scenario Ended: User should be able to add pupil with only required parameters
]]></system-out>
  </testcase>
  <testcase name="runScenario[&quot;User should be able to add pupil with all supported parameters&quot;, &quot;Optional[Add Pupil request functional tests]&quot;](2)" classname="testRunner.TestNGTestRunner" time="0.206">
    <system-out><![CDATA[---------------------------------------------------------------------
Scenario Started: User should be able to add pupil with all supported parameters
Set Add Pupil request URL as http://localhost:3000/pupils
Request method:	POST
Request URI:	http://localhost:3000/pupils
Proxy:			<none>
Request params:	<none>
Query params:	<none>
Form params:	<none>
Path params:	<none>
Headers:		Authorization=Basic dGVzdENhbmRpZGF0ZTpQQHNzdzByZA==
				Accept=*/*
				Content-Type=application/json; charset=UTF-8
Cookies:		<none>
Multiparts:		<none>
Body:
{
    "firstName": "Umanga",
    "lastName": "Madawala",
    "gradeId": 1,
    "classId": 1,
    "infix": "NewMCUser",
    "isDisabled": false,
    "email": "test@mail.com"
}
Request method:	POST
Request URI:	http://localhost:3000/pupils
Proxy:			<none>
Request params:	<none>
Query params:	<none>
Form params:	<none>
Path params:	<none>
Headers:		Authorization=Basic dGVzdENhbmRpZGF0ZTpQQHNzdzByZA==
				Accept=*/*
				Content-Type=application/json; charset=UTF-8
Cookies:		<none>
Multiparts:		<none>
Body:
{
    "firstName": "Umanga",
    "lastName": "Madawala",
    "gradeId": 1,
    "classId": 1,
    "infix": "NewMCUser",
    "isDisabled": false,
    "email": "test@mail.com"
}
HTTP/1.1 201 Created
X-Powered-By: Express
Location: /pupils/367269
Content-Type: application/json; charset=utf-8
Content-Length: 150
ETag: W/"96-3zaH8tXfIFzJ/4V3ZIkPst8KKlw"
Date: Sat, 20 Mar 2021 11:01:03 GMT
Connection: keep-alive

{
    "firstName": "Umanga",
    "lastName": "Madawala",
    "gradeId": 1,
    "classId": 1,
    "infix": "NewMCUser",
    "isDisabled": false,
    "email": "test@mail.com",
    "pupilId": "367269"
}
HTTP/1.1 201 Created
X-Powered-By: Express
Location: /pupils/367269
Content-Type: application/json; charset=utf-8
Content-Length: 150
ETag: W/"96-3zaH8tXfIFzJ/4V3ZIkPst8KKlw"
Date: Sat, 20 Mar 2021 11:01:03 GMT
Connection: keep-alive

{
    "firstName": "Umanga",
    "lastName": "Madawala",
    "gradeId": 1,
    "classId": 1,
    "infix": "NewMCUser",
    "isDisabled": false,
    "email": "test@mail.com",
    "pupilId": "367269"
}
Scenario Ended: User should be able to add pupil with all supported parameters
]]></system-out>
  </testcase>
  <testcase name="runScenario[&quot;User should not be able to add pupil if basic authentication header is not provided&quot;, &quot;Optional[Add Pupil request functional tests]&quot;](3)" classname="testRunner.TestNGTestRunner" time="0.14">
    <failure message="&quot;message&quot; field does not exist in response body&#10;&#10;Actual Response body is {&quot;status&quot;:401,&quot;massage&quot;:&quot;Authorization header required&quot;}&#10;" type="java.lang.AssertionError"><![CDATA[java.lang.AssertionError: 
"message" field does not exist in response body

Actual Response body is {"status":401,"massage":"Authorization header required"}

]]></failure>
    <system-out><![CDATA[---------------------------------------------------------------------
Scenario Started: User should not be able to add pupil if basic authentication header is not provided
Set Add Pupil request URL as http://localhost:3000/pupils
Request method:	POST
Request URI:	http://localhost:3000/pupils
Proxy:			<none>
Request params:	<none>
Query params:	<none>
Form params:	<none>
Path params:	<none>
Headers:		Accept=*/*
				Content-Type=application/json; charset=UTF-8
Cookies:		<none>
Multiparts:		<none>
Body:
{
    "firstName": "Umanga",
    "lastName": "Madawala",
    "gradeId": 1
}
Request method:	POST
Request URI:	http://localhost:3000/pupils
Proxy:			<none>
Request params:	<none>
Query params:	<none>
Form params:	<none>
Path params:	<none>
Headers:		Accept=*/*
				Content-Type=application/json; charset=UTF-8
Cookies:		<none>
Multiparts:		<none>
Body:
{
    "firstName": "Umanga",
    "lastName": "Madawala",
    "gradeId": 1
}
Request method:	POST
Request URI:	http://localhost:3000/pupils
Proxy:			<none>
Request params:	<none>
Query params:	<none>
Form params:	<none>
Path params:	<none>
Headers:		Accept=*/*
				Content-Type=application/json; charset=UTF-8
Cookies:		<none>
Multiparts:		<none>
Body:
{
    "firstName": "Umanga",
    "lastName": "Madawala",
    "gradeId": 1
}
HTTP/1.1 401 Unauthorized
X-Powered-By: Express
Content-Type: application/json; charset=utf-8
Content-Length: 56
ETag: W/"38-rsGCGRko9Txslotl9QGfn5Bn8VU"
Date: Sat, 20 Mar 2021 11:01:03 GMT
Connection: keep-alive

{
    "status": 401,
    "massage": "Authorization header required"
}
HTTP/1.1 401 Unauthorized
X-Powered-By: Express
Content-Type: application/json; charset=utf-8
Content-Length: 56
ETag: W/"38-rsGCGRko9Txslotl9QGfn5Bn8VU"
Date: Sat, 20 Mar 2021 11:01:03 GMT
Connection: keep-alive

{
    "status": 401,
    "massage": "Authorization header required"
}
HTTP/1.1 401 Unauthorized
X-Powered-By: Express
Content-Type: application/json; charset=utf-8
Content-Length: 56
ETag: W/"38-rsGCGRko9Txslotl9QGfn5Bn8VU"
Date: Sat, 20 Mar 2021 11:01:03 GMT
Connection: keep-alive

{
    "status": 401,
    "massage": "Authorization header required"
}
Response body assertion error
"message" field does not exist in response body

Actual Response body is {"status":401,"massage":"Authorization header required"}

Scenario Ended: User should not be able to add pupil if basic authentication header is not provided
]]></system-out>
  </testcase>
  <testcase name="runScenario[&quot;User should be able to add pupil with first name having max length of ---&quot;, &quot;Optional[Add Pupil request functional tests]&quot;](4)" classname="testRunner.TestNGTestRunner" time="0"/>
  <testcase name="runScenario[&quot;User should be able to add pupil with first name having min length of ---&quot;, &quot;Optional[Add Pupil request functional tests]&quot;](5)" classname="testRunner.TestNGTestRunner" time="0"/>
  <testcase name="runScenario[&quot;User should not be able to add pupil if first name is not given&quot;, &quot;Optional[Add Pupil request functional tests]&quot;](6)" classname="testRunner.TestNGTestRunner" time="0"/>
  <testcase name="runScenario[&quot;User should not be able to add pupil if last name is not given&quot;, &quot;Optional[Add Pupil request functional tests]&quot;](7)" classname="testRunner.TestNGTestRunner" time="0"/>
  <testcase name="runScenario[&quot;User should not be able to add pupil if grade Id is not given&quot;, &quot;Optional[Add Pupil request functional tests]&quot;](8)" classname="testRunner.TestNGTestRunner" time="0"/>
  <testcase name="runScenario[&quot;User should not be able to add pupil if username is not valid&quot;, &quot;Optional[Add Pupil request functional tests]&quot;](9)" classname="testRunner.TestNGTestRunner" time="0"/>
  <testcase name="runScenario[&quot;User should not be able to add pupil if password is not valid&quot;, &quot;Optional[Add Pupil request functional tests]&quot;](10)" classname="testRunner.TestNGTestRunner" time="0"/>
  <testcase name="runScenario[&quot;User should be able to delete a pupil with valid pupilId&quot;, &quot;Optional[Delete Pupils request functional tests]&quot;](11)" classname="testRunner.TestNGTestRunner" time="0.217">
    <failure message="Expected response body to be verified as JSON, HTML or XML but no content-type was defined in the response.&#10;Try registering a default parser using:&#10;   RestAssured.defaultParser(&lt;parser type&gt;);&#10;Content was:&#10;&#10;" type="java.lang.IllegalStateException"><![CDATA[java.lang.IllegalStateException: 
Expected response body to be verified as JSON, HTML or XML but no content-type was defined in the response.
Try registering a default parser using:
   RestAssured.defaultParser(<parser type>);
Content was:


]]></failure>
    <system-out><![CDATA[---------------------------------------------------------------------
Scenario Started: User should be able to delete a pupil with valid pupilId
Set Add Pupil request URL as http://localhost:3000/pupils
Request method:	POST
Request URI:	http://localhost:3000/pupils
Proxy:			<none>
Request params:	<none>
Query params:	<none>
Form params:	<none>
Path params:	<none>
Headers:		Authorization=Basic dGVzdENhbmRpZGF0ZTpQQHNzdzByZA==
				Accept=*/*
				Content-Type=application/json; charset=UTF-8
Cookies:		<none>
Multiparts:		<none>
Body:
{
    "firstName": "Umanga",
    "lastName": "Madawala",
    "gradeId": 1
}
Request method:	POST
Request URI:	http://localhost:3000/pupils
Proxy:			<none>
Request params:	<none>
Query params:	<none>
Form params:	<none>
Path params:	<none>
Headers:		Authorization=Basic dGVzdENhbmRpZGF0ZTpQQHNzdzByZA==
				Accept=*/*
				Content-Type=application/json; charset=UTF-8
Cookies:		<none>
Multiparts:		<none>
Body:
{
    "firstName": "Umanga",
    "lastName": "Madawala",
    "gradeId": 1
}
Request method:	POST
Request URI:	http://localhost:3000/pupils
Proxy:			<none>
Request params:	<none>
Query params:	<none>
Form params:	<none>
Path params:	<none>
Headers:		Authorization=Basic dGVzdENhbmRpZGF0ZTpQQHNzdzByZA==
				Accept=*/*
				Content-Type=application/json; charset=UTF-8
Cookies:		<none>
Multiparts:		<none>
Body:
{
    "firstName": "Umanga",
    "lastName": "Madawala",
    "gradeId": 1
}
Request method:	POST
Request URI:	http://localhost:3000/pupils
Proxy:			<none>
Request params:	<none>
Query params:	<none>
Form params:	<none>
Path params:	<none>
Headers:		Authorization=Basic dGVzdENhbmRpZGF0ZTpQQHNzdzByZA==
				Accept=*/*
				Content-Type=application/json; charset=UTF-8
Cookies:		<none>
Multiparts:		<none>
Body:
{
    "firstName": "Umanga",
    "lastName": "Madawala",
    "gradeId": 1
}
HTTP/1.1 201 Created
X-Powered-By: Express
Location: /pupils/170206
Content-Type: application/json; charset=utf-8
Content-Length: 75
ETag: W/"4b-JwtS/uYS08Lwx1Be4L1NZ9sTfrI"
Date: Sat, 20 Mar 2021 11:01:03 GMT
Connection: keep-alive

{
    "firstName": "Umanga",
    "lastName": "Madawala",
    "gradeId": 1,
    "pupilId": "170206"
}
HTTP/1.1 201 Created
X-Powered-By: Express
Location: /pupils/170206
Content-Type: application/json; charset=utf-8
Content-Length: 75
ETag: W/"4b-JwtS/uYS08Lwx1Be4L1NZ9sTfrI"
Date: Sat, 20 Mar 2021 11:01:03 GMT
Connection: keep-alive

{
    "firstName": "Umanga",
    "lastName": "Madawala",
    "gradeId": 1,
    "pupilId": "170206"
}
HTTP/1.1 201 Created
X-Powered-By: Express
Location: /pupils/170206
Content-Type: application/json; charset=utf-8
Content-Length: 75
ETag: W/"4b-JwtS/uYS08Lwx1Be4L1NZ9sTfrI"
Date: Sat, 20 Mar 2021 11:01:03 GMT
Connection: keep-alive

{
    "firstName": "Umanga",
    "lastName": "Madawala",
    "gradeId": 1,
    "pupilId": "170206"
}
HTTP/1.1 201 Created
X-Powered-By: Express
Location: /pupils/170206
Content-Type: application/json; charset=utf-8
Content-Length: 75
ETag: W/"4b-JwtS/uYS08Lwx1Be4L1NZ9sTfrI"
Date: Sat, 20 Mar 2021 11:01:03 GMT
Connection: keep-alive

{
    "firstName": "Umanga",
    "lastName": "Madawala",
    "gradeId": 1,
    "pupilId": "170206"
}
Request method:	DELETE
Request URI:	http://localhost:3000/pupils/170206
Proxy:			<none>
Request params:	<none>
Query params:	<none>
Form params:	<none>
Path params:	<none>
Headers:		Authorization=Basic dGVzdENhbmRpZGF0ZTpQQHNzdzByZA==
				Accept=*/*
				Content-Type=application/json; charset=UTF-8
Cookies:		<none>
Multiparts:		<none>
Body:			<none>
Request method:	DELETE
Request URI:	http://localhost:3000/pupils/170206
Proxy:			<none>
Request params:	<none>
Query params:	<none>
Form params:	<none>
Path params:	<none>
Headers:		Authorization=Basic dGVzdENhbmRpZGF0ZTpQQHNzdzByZA==
				Accept=*/*
				Content-Type=application/json; charset=UTF-8
Cookies:		<none>
Multiparts:		<none>
Body:			<none>
Request method:	DELETE
Request URI:	http://localhost:3000/pupils/170206
Proxy:			<none>
Request params:	<none>
Query params:	<none>
Form params:	<none>
Path params:	<none>
Headers:		Authorization=Basic dGVzdENhbmRpZGF0ZTpQQHNzdzByZA==
				Accept=*/*
				Content-Type=application/json; charset=UTF-8
Cookies:		<none>
Multiparts:		<none>
Body:			<none>
Request method:	DELETE
Request URI:	http://localhost:3000/pupils/170206
Proxy:			<none>
Request params:	<none>
Query params:	<none>
Form params:	<none>
Path params:	<none>
Headers:		Authorization=Basic dGVzdENhbmRpZGF0ZTpQQHNzdzByZA==
				Accept=*/*
				Content-Type=application/json; charset=UTF-8
Cookies:		<none>
Multiparts:		<none>
Body:			<none>
HTTP/1.1 204 No Content
X-Powered-By: Express
ETag: W/"a-bAsFyilMr4Ra1hIU5PyoyFRunpI"
Date: Sat, 20 Mar 2021 11:01:03 GMT
Connection: keep-alive
HTTP/1.1 204 No Content
X-Powered-By: Express
ETag: W/"a-bAsFyilMr4Ra1hIU5PyoyFRunpI"
Date: Sat, 20 Mar 2021 11:01:03 GMT
Connection: keep-alive
HTTP/1.1 204 No Content
X-Powered-By: Express
ETag: W/"a-bAsFyilMr4Ra1hIU5PyoyFRunpI"
Date: Sat, 20 Mar 2021 11:01:03 GMT
Connection: keep-alive
HTTP/1.1 204 No Content
X-Powered-By: Express
ETag: W/"a-bAsFyilMr4Ra1hIU5PyoyFRunpI"
Date: Sat, 20 Mar 2021 11:01:03 GMT
Connection: keep-alive
Scenario Ended: User should be able to delete a pupil with valid pupilId
]]></system-out>
  </testcase>
  <testcase name="runScenario[&quot;User should not be able to delete a pupil with non-existent pupilId&quot;, &quot;Optional[Delete Pupils request functional tests]&quot;](12)" classname="testRunner.TestNGTestRunner" time="0.22">
    <failure message="1 expectation failed.&#10;Expected status code &lt;404&gt; but was &lt;204&gt;.&#10;&#10;&#10;Actual Response body is &#10;" type="java.lang.AssertionError"><![CDATA[java.lang.AssertionError: 
1 expectation failed.
Expected status code <404> but was <204>.


Actual Response body is 

]]></failure>
    <system-out><![CDATA[---------------------------------------------------------------------
Scenario Started: User should not be able to delete a pupil with non-existent pupilId
Set Add Pupil request URL as http://localhost:3000/pupils
Request method:	POST
Request URI:	http://localhost:3000/pupils
Proxy:			<none>
Request params:	<none>
Query params:	<none>
Form params:	<none>
Path params:	<none>
Headers:		Authorization=Basic dGVzdENhbmRpZGF0ZTpQQHNzdzByZA==
				Accept=*/*
				Content-Type=application/json; charset=UTF-8
Cookies:		<none>
Multiparts:		<none>
Body:
{
    "firstName": "Umanga",
    "lastName": "Madawala",
    "gradeId": 1
}
Request method:	POST
Request URI:	http://localhost:3000/pupils
Proxy:			<none>
Request params:	<none>
Query params:	<none>
Form params:	<none>
Path params:	<none>
Headers:		Authorization=Basic dGVzdENhbmRpZGF0ZTpQQHNzdzByZA==
				Accept=*/*
				Content-Type=application/json; charset=UTF-8
Cookies:		<none>
Multiparts:		<none>
Body:
{
    "firstName": "Umanga",
    "lastName": "Madawala",
    "gradeId": 1
}
Request method:	POST
Request URI:	http://localhost:3000/pupils
Proxy:			<none>
Request params:	<none>
Query params:	<none>
Form params:	<none>
Path params:	<none>
Headers:		Authorization=Basic dGVzdENhbmRpZGF0ZTpQQHNzdzByZA==
				Accept=*/*
				Content-Type=application/json; charset=UTF-8
Cookies:		<none>
Multiparts:		<none>
Body:
{
    "firstName": "Umanga",
    "lastName": "Madawala",
    "gradeId": 1
}
Request method:	POST
Request URI:	http://localhost:3000/pupils
Proxy:			<none>
Request params:	<none>
Query params:	<none>
Form params:	<none>
Path params:	<none>
Headers:		Authorization=Basic dGVzdENhbmRpZGF0ZTpQQHNzdzByZA==
				Accept=*/*
				Content-Type=application/json; charset=UTF-8
Cookies:		<none>
Multiparts:		<none>
Body:
{
    "firstName": "Umanga",
    "lastName": "Madawala",
    "gradeId": 1
}
Request method:	POST
Request URI:	http://localhost:3000/pupils
Proxy:			<none>
Request params:	<none>
Query params:	<none>
Form params:	<none>
Path params:	<none>
Headers:		Authorization=Basic dGVzdENhbmRpZGF0ZTpQQHNzdzByZA==
				Accept=*/*
				Content-Type=application/json; charset=UTF-8
Cookies:		<none>
Multiparts:		<none>
Body:
{
    "firstName": "Umanga",
    "lastName": "Madawala",
    "gradeId": 1
}
HTTP/1.1 201 Created
X-Powered-By: Express
Location: /pupils/719034
Content-Type: application/json; charset=utf-8
Content-Length: 75
ETag: W/"4b-f8LWo8egT9Do7KfSR7eQn7rUBCw"
Date: Sat, 20 Mar 2021 11:01:03 GMT
Connection: keep-alive

{
    "firstName": "Umanga",
    "lastName": "Madawala",
    "gradeId": 1,
    "pupilId": "719034"
}
HTTP/1.1 201 Created
X-Powered-By: Express
Location: /pupils/719034
Content-Type: application/json; charset=utf-8
Content-Length: 75
ETag: W/"4b-f8LWo8egT9Do7KfSR7eQn7rUBCw"
Date: Sat, 20 Mar 2021 11:01:03 GMT
Connection: keep-alive

{
    "firstName": "Umanga",
    "lastName": "Madawala",
    "gradeId": 1,
    "pupilId": "719034"
}
HTTP/1.1 201 Created
X-Powered-By: Express
Location: /pupils/719034
Content-Type: application/json; charset=utf-8
Content-Length: 75
ETag: W/"4b-f8LWo8egT9Do7KfSR7eQn7rUBCw"
Date: Sat, 20 Mar 2021 11:01:03 GMT
Connection: keep-alive

{
    "firstName": "Umanga",
    "lastName": "Madawala",
    "gradeId": 1,
    "pupilId": "719034"
}
HTTP/1.1 201 Created
X-Powered-By: Express
Location: /pupils/719034
Content-Type: application/json; charset=utf-8
Content-Length: 75
ETag: W/"4b-f8LWo8egT9Do7KfSR7eQn7rUBCw"
Date: Sat, 20 Mar 2021 11:01:03 GMT
Connection: keep-alive

{
    "firstName": "Umanga",
    "lastName": "Madawala",
    "gradeId": 1,
    "pupilId": "719034"
}
HTTP/1.1 201 Created
X-Powered-By: Express
Location: /pupils/719034
Content-Type: application/json; charset=utf-8
Content-Length: 75
ETag: W/"4b-f8LWo8egT9Do7KfSR7eQn7rUBCw"
Date: Sat, 20 Mar 2021 11:01:03 GMT
Connection: keep-alive

{
    "firstName": "Umanga",
    "lastName": "Madawala",
    "gradeId": 1,
    "pupilId": "719034"
}
Request method:	DELETE
Request URI:	http://localhost:3000/pupils/12321
Proxy:			<none>
Request params:	<none>
Query params:	<none>
Form params:	<none>
Path params:	<none>
Headers:		Authorization=Basic dGVzdENhbmRpZGF0ZTpQQHNzdzByZA==
				Accept=*/*
				Content-Type=application/json; charset=UTF-8
Cookies:		<none>
Multiparts:		<none>
Body:			<none>
Request method:	DELETE
Request URI:	http://localhost:3000/pupils/12321
Proxy:			<none>
Request params:	<none>
Query params:	<none>
Form params:	<none>
Path params:	<none>
Headers:		Authorization=Basic dGVzdENhbmRpZGF0ZTpQQHNzdzByZA==
				Accept=*/*
				Content-Type=application/json; charset=UTF-8
Cookies:		<none>
Multiparts:		<none>
Body:			<none>
Request method:	DELETE
Request URI:	http://localhost:3000/pupils/12321
Proxy:			<none>
Request params:	<none>
Query params:	<none>
Form params:	<none>
Path params:	<none>
Headers:		Authorization=Basic dGVzdENhbmRpZGF0ZTpQQHNzdzByZA==
				Accept=*/*
				Content-Type=application/json; charset=UTF-8
Cookies:		<none>
Multiparts:		<none>
Body:			<none>
Request method:	DELETE
Request URI:	http://localhost:3000/pupils/12321
Proxy:			<none>
Request params:	<none>
Query params:	<none>
Form params:	<none>
Path params:	<none>
Headers:		Authorization=Basic dGVzdENhbmRpZGF0ZTpQQHNzdzByZA==
				Accept=*/*
				Content-Type=application/json; charset=UTF-8
Cookies:		<none>
Multiparts:		<none>
Body:			<none>
Request method:	DELETE
Request URI:	http://localhost:3000/pupils/12321
Proxy:			<none>
Request params:	<none>
Query params:	<none>
Form params:	<none>
Path params:	<none>
Headers:		Authorization=Basic dGVzdENhbmRpZGF0ZTpQQHNzdzByZA==
				Accept=*/*
				Content-Type=application/json; charset=UTF-8
Cookies:		<none>
Multiparts:		<none>
Body:			<none>
HTTP/1.1 204 No Content
X-Powered-By: Express
ETag: W/"a-bAsFyilMr4Ra1hIU5PyoyFRunpI"
Date: Sat, 20 Mar 2021 11:01:03 GMT
Connection: keep-alive
HTTP/1.1 204 No Content
X-Powered-By: Express
ETag: W/"a-bAsFyilMr4Ra1hIU5PyoyFRunpI"
Date: Sat, 20 Mar 2021 11:01:03 GMT
Connection: keep-alive
HTTP/1.1 204 No Content
X-Powered-By: Express
ETag: W/"a-bAsFyilMr4Ra1hIU5PyoyFRunpI"
Date: Sat, 20 Mar 2021 11:01:03 GMT
Connection: keep-alive
HTTP/1.1 204 No Content
X-Powered-By: Express
ETag: W/"a-bAsFyilMr4Ra1hIU5PyoyFRunpI"
Date: Sat, 20 Mar 2021 11:01:03 GMT
Connection: keep-alive
HTTP/1.1 204 No Content
X-Powered-By: Express
ETag: W/"a-bAsFyilMr4Ra1hIU5PyoyFRunpI"
Date: Sat, 20 Mar 2021 11:01:03 GMT
Connection: keep-alive
Status code mismatch
1 expectation failed.
Expected status code <404> but was <204>.


Actual Response body is 

Scenario Ended: User should not be able to delete a pupil with non-existent pupilId
]]></system-out>
  </testcase>
  <testcase name="runScenario[&quot;User should not be able to delete a pupil with non-existent pupilId&quot;, &quot;Optional[Delete Pupils request functional tests]&quot;](13)" classname="testRunner.TestNGTestRunner" time="0.235">
    <failure message="&quot;message&quot; field does not exist in response body&#10;&#10;Actual Response body is {&quot;status&quot;:405,&quot;massage&quot;:&quot;DELETE method not allowed&quot;}&#10;" type="java.lang.AssertionError"><![CDATA[java.lang.AssertionError: 
"message" field does not exist in response body

Actual Response body is {"status":405,"massage":"DELETE method not allowed"}

]]></failure>
    <system-out><![CDATA[---------------------------------------------------------------------
Scenario Started: User should not be able to delete a pupil with non-existent pupilId
Set Add Pupil request URL as http://localhost:3000/pupils
Request method:	POST
Request URI:	http://localhost:3000/pupils
Proxy:			<none>
Request params:	<none>
Query params:	<none>
Form params:	<none>
Path params:	<none>
Headers:		Authorization=Basic dGVzdENhbmRpZGF0ZTpQQHNzdzByZA==
				Accept=*/*
				Content-Type=application/json; charset=UTF-8
Cookies:		<none>
Multiparts:		<none>
Body:
{
    "firstName": "Umanga",
    "lastName": "Madawala",
    "gradeId": 1
}
Request method:	POST
Request URI:	http://localhost:3000/pupils
Proxy:			<none>
Request params:	<none>
Query params:	<none>
Form params:	<none>
Path params:	<none>
Headers:		Authorization=Basic dGVzdENhbmRpZGF0ZTpQQHNzdzByZA==
				Accept=*/*
				Content-Type=application/json; charset=UTF-8
Cookies:		<none>
Multiparts:		<none>
Body:
{
    "firstName": "Umanga",
    "lastName": "Madawala",
    "gradeId": 1
}
Request method:	POST
Request URI:	http://localhost:3000/pupils
Proxy:			<none>
Request params:	<none>
Query params:	<none>
Form params:	<none>
Path params:	<none>
Headers:		Authorization=Basic dGVzdENhbmRpZGF0ZTpQQHNzdzByZA==
				Accept=*/*
				Content-Type=application/json; charset=UTF-8
Cookies:		<none>
Multiparts:		<none>
Body:
{
    "firstName": "Umanga",
    "lastName": "Madawala",
    "gradeId": 1
}
Request method:	POST
Request URI:	http://localhost:3000/pupils
Proxy:			<none>
Request params:	<none>
Query params:	<none>
Form params:	<none>
Path params:	<none>
Headers:		Authorization=Basic dGVzdENhbmRpZGF0ZTpQQHNzdzByZA==
				Accept=*/*
				Content-Type=application/json; charset=UTF-8
Cookies:		<none>
Multiparts:		<none>
Body:
{
    "firstName": "Umanga",
    "lastName": "Madawala",
    "gradeId": 1
}
Request method:	POST
Request URI:	http://localhost:3000/pupils
Proxy:			<none>
Request params:	<none>
Query params:	<none>
Form params:	<none>
Path params:	<none>
Headers:		Authorization=Basic dGVzdENhbmRpZGF0ZTpQQHNzdzByZA==
				Accept=*/*
				Content-Type=application/json; charset=UTF-8
Cookies:		<none>
Multiparts:		<none>
Body:
{
    "firstName": "Umanga",
    "lastName": "Madawala",
    "gradeId": 1
}
Request method:	POST
Request URI:	http://localhost:3000/pupils
Proxy:			<none>
Request params:	<none>
Query params:	<none>
Form params:	<none>
Path params:	<none>
Headers:		Authorization=Basic dGVzdENhbmRpZGF0ZTpQQHNzdzByZA==
				Accept=*/*
				Content-Type=application/json; charset=UTF-8
Cookies:		<none>
Multiparts:		<none>
Body:
{
    "firstName": "Umanga",
    "lastName": "Madawala",
    "gradeId": 1
}
HTTP/1.1 201 Created
X-Powered-By: Express
Location: /pupils/618126
Content-Type: application/json; charset=utf-8
Content-Length: 75
ETag: W/"4b-2HhGLYETL+9W9M2625s3jrfp734"
Date: Sat, 20 Mar 2021 11:01:03 GMT
Connection: keep-alive

{
    "firstName": "Umanga",
    "lastName": "Madawala",
    "gradeId": 1,
    "pupilId": "618126"
}
HTTP/1.1 201 Created
X-Powered-By: Express
Location: /pupils/618126
Content-Type: application/json; charset=utf-8
Content-Length: 75
ETag: W/"4b-2HhGLYETL+9W9M2625s3jrfp734"
Date: Sat, 20 Mar 2021 11:01:03 GMT
Connection: keep-alive

{
    "firstName": "Umanga",
    "lastName": "Madawala",
    "gradeId": 1,
    "pupilId": "618126"
}
HTTP/1.1 201 Created
X-Powered-By: Express
Location: /pupils/618126
Content-Type: application/json; charset=utf-8
Content-Length: 75
ETag: W/"4b-2HhGLYETL+9W9M2625s3jrfp734"
Date: Sat, 20 Mar 2021 11:01:03 GMT
Connection: keep-alive

{
    "firstName": "Umanga",
    "lastName": "Madawala",
    "gradeId": 1,
    "pupilId": "618126"
}
HTTP/1.1 201 Created
X-Powered-By: Express
Location: /pupils/618126
Content-Type: application/json; charset=utf-8
Content-Length: 75
ETag: W/"4b-2HhGLYETL+9W9M2625s3jrfp734"
Date: Sat, 20 Mar 2021 11:01:03 GMT
Connection: keep-alive

{
    "firstName": "Umanga",
    "lastName": "Madawala",
    "gradeId": 1,
    "pupilId": "618126"
}
HTTP/1.1 201 Created
X-Powered-By: Express
Location: /pupils/618126
Content-Type: application/json; charset=utf-8
Content-Length: 75
ETag: W/"4b-2HhGLYETL+9W9M2625s3jrfp734"
Date: Sat, 20 Mar 2021 11:01:03 GMT
Connection: keep-alive

{
    "firstName": "Umanga",
    "lastName": "Madawala",
    "gradeId": 1,
    "pupilId": "618126"
}
HTTP/1.1 201 Created
X-Powered-By: Express
Location: /pupils/618126
Content-Type: application/json; charset=utf-8
Content-Length: 75
ETag: W/"4b-2HhGLYETL+9W9M2625s3jrfp734"
Date: Sat, 20 Mar 2021 11:01:03 GMT
Connection: keep-alive

{
    "firstName": "Umanga",
    "lastName": "Madawala",
    "gradeId": 1,
    "pupilId": "618126"
}
Request method:	DELETE
Request URI:	http://localhost:3000/pupils
Proxy:			<none>
Request params:	<none>
Query params:	<none>
Form params:	<none>
Path params:	<none>
Headers:		Authorization=Basic dGVzdENhbmRpZGF0ZTpQQHNzdzByZA==
				Accept=*/*
				Content-Type=application/json; charset=UTF-8
Cookies:		<none>
Multiparts:		<none>
Body:			<none>
Request method:	DELETE
Request URI:	http://localhost:3000/pupils
Proxy:			<none>
Request params:	<none>
Query params:	<none>
Form params:	<none>
Path params:	<none>
Headers:		Authorization=Basic dGVzdENhbmRpZGF0ZTpQQHNzdzByZA==
				Accept=*/*
				Content-Type=application/json; charset=UTF-8
Cookies:		<none>
Multiparts:		<none>
Body:			<none>
Request method:	DELETE
Request URI:	http://localhost:3000/pupils
Proxy:			<none>
Request params:	<none>
Query params:	<none>
Form params:	<none>
Path params:	<none>
Headers:		Authorization=Basic dGVzdENhbmRpZGF0ZTpQQHNzdzByZA==
				Accept=*/*
				Content-Type=application/json; charset=UTF-8
Cookies:		<none>
Multiparts:		<none>
Body:			<none>
Request method:	DELETE
Request URI:	http://localhost:3000/pupils
Proxy:			<none>
Request params:	<none>
Query params:	<none>
Form params:	<none>
Path params:	<none>
Headers:		Authorization=Basic dGVzdENhbmRpZGF0ZTpQQHNzdzByZA==
				Accept=*/*
				Content-Type=application/json; charset=UTF-8
Cookies:		<none>
Multiparts:		<none>
Body:			<none>
Request method:	DELETE
Request URI:	http://localhost:3000/pupils
Proxy:			<none>
Request params:	<none>
Query params:	<none>
Form params:	<none>
Path params:	<none>
Headers:		Authorization=Basic dGVzdENhbmRpZGF0ZTpQQHNzdzByZA==
				Accept=*/*
				Content-Type=application/json; charset=UTF-8
Cookies:		<none>
Multiparts:		<none>
Body:			<none>
Request method:	DELETE
Request URI:	http://localhost:3000/pupils
Proxy:			<none>
Request params:	<none>
Query params:	<none>
Form params:	<none>
Path params:	<none>
Headers:		Authorization=Basic dGVzdENhbmRpZGF0ZTpQQHNzdzByZA==
				Accept=*/*
				Content-Type=application/json; charset=UTF-8
Cookies:		<none>
Multiparts:		<none>
Body:			<none>
HTTP/1.1 405 Method Not Allowed
X-Powered-By: Express
Content-Type: application/json; charset=utf-8
Content-Length: 52
ETag: W/"34-LbmxskgwX+buyX9R3X474CpXMwU"
Date: Sat, 20 Mar 2021 11:01:03 GMT
Connection: keep-alive

{
    "status": 405,
    "massage": "DELETE method not allowed"
}
HTTP/1.1 405 Method Not Allowed
X-Powered-By: Express
Content-Type: application/json; charset=utf-8
Content-Length: 52
ETag: W/"34-LbmxskgwX+buyX9R3X474CpXMwU"
Date: Sat, 20 Mar 2021 11:01:03 GMT
Connection: keep-alive

{
    "status": 405,
    "massage": "DELETE method not allowed"
}
HTTP/1.1 405 Method Not Allowed
X-Powered-By: Express
Content-Type: application/json; charset=utf-8
Content-Length: 52
ETag: W/"34-LbmxskgwX+buyX9R3X474CpXMwU"
Date: Sat, 20 Mar 2021 11:01:03 GMT
Connection: keep-alive

{
    "status": 405,
    "massage": "DELETE method not allowed"
}
HTTP/1.1 405 Method Not Allowed
X-Powered-By: Express
Content-Type: application/json; charset=utf-8
Content-Length: 52
ETag: W/"34-LbmxskgwX+buyX9R3X474CpXMwU"
Date: Sat, 20 Mar 2021 11:01:03 GMT
Connection: keep-alive

{
    "status": 405,
    "massage": "DELETE method not allowed"
}
HTTP/1.1 405 Method Not Allowed
X-Powered-By: Express
Content-Type: application/json; charset=utf-8
Content-Length: 52
ETag: W/"34-LbmxskgwX+buyX9R3X474CpXMwU"
Date: Sat, 20 Mar 2021 11:01:03 GMT
Connection: keep-alive

{
    "status": 405,
    "massage": "DELETE method not allowed"
}
HTTP/1.1 405 Method Not Allowed
X-Powered-By: Express
Content-Type: application/json; charset=utf-8
Content-Length: 52
ETag: W/"34-LbmxskgwX+buyX9R3X474CpXMwU"
Date: Sat, 20 Mar 2021 11:01:03 GMT
Connection: keep-alive

{
    "status": 405,
    "massage": "DELETE method not allowed"
}
Response body assertion error
"message" field does not exist in response body

Actual Response body is {"status":405,"massage":"DELETE method not allowed"}

Scenario Ended: User should not be able to delete a pupil with non-existent pupilId
]]></system-out>
  </testcase>
  <testcase name="runScenario[&quot;User should not be able to delete a pupil if basic authentication header is not provided&quot;, &quot;Optional[Delete Pupils request functional tests]&quot;](14)" classname="testRunner.TestNGTestRunner" time="0.2">
    <failure message="&quot;message&quot; field does not exist in response body&#10;&#10;Actual Response body is {&quot;status&quot;:401,&quot;massage&quot;:&quot;Authorization header required&quot;}&#10;" type="java.lang.AssertionError"><![CDATA[java.lang.AssertionError: 
"message" field does not exist in response body

Actual Response body is {"status":401,"massage":"Authorization header required"}

]]></failure>
    <system-out><![CDATA[---------------------------------------------------------------------
Scenario Started: User should not be able to delete a pupil if basic authentication header is not provided
Set Add Pupil request URL as http://localhost:3000/pupils
Request method:	POST
Request URI:	http://localhost:3000/pupils
Proxy:			<none>
Request params:	<none>
Query params:	<none>
Form params:	<none>
Path params:	<none>
Headers:		Authorization=Basic dGVzdENhbmRpZGF0ZTpQQHNzdzByZA==
				Accept=*/*
				Content-Type=application/json; charset=UTF-8
Cookies:		<none>
Multiparts:		<none>
Body:
{
    "firstName": "Umanga",
    "lastName": "Madawala",
    "gradeId": 1
}
Request method:	POST
Request URI:	http://localhost:3000/pupils
Proxy:			<none>
Request params:	<none>
Query params:	<none>
Form params:	<none>
Path params:	<none>
Headers:		Authorization=Basic dGVzdENhbmRpZGF0ZTpQQHNzdzByZA==
				Accept=*/*
				Content-Type=application/json; charset=UTF-8
Cookies:		<none>
Multiparts:		<none>
Body:
{
    "firstName": "Umanga",
    "lastName": "Madawala",
    "gradeId": 1
}
Request method:	POST
Request URI:	http://localhost:3000/pupils
Proxy:			<none>
Request params:	<none>
Query params:	<none>
Form params:	<none>
Path params:	<none>
Headers:		Authorization=Basic dGVzdENhbmRpZGF0ZTpQQHNzdzByZA==
				Accept=*/*
				Content-Type=application/json; charset=UTF-8
Cookies:		<none>
Multiparts:		<none>
Body:
{
    "firstName": "Umanga",
    "lastName": "Madawala",
    "gradeId": 1
}
Request method:	POST
Request URI:	http://localhost:3000/pupils
Proxy:			<none>
Request params:	<none>
Query params:	<none>
Form params:	<none>
Path params:	<none>
Headers:		Authorization=Basic dGVzdENhbmRpZGF0ZTpQQHNzdzByZA==
				Accept=*/*
				Content-Type=application/json; charset=UTF-8
Cookies:		<none>
Multiparts:		<none>
Body:
{
    "firstName": "Umanga",
    "lastName": "Madawala",
    "gradeId": 1
}
Request method:	POST
Request URI:	http://localhost:3000/pupils
Proxy:			<none>
Request params:	<none>
Query params:	<none>
Form params:	<none>
Path params:	<none>
Headers:		Authorization=Basic dGVzdENhbmRpZGF0ZTpQQHNzdzByZA==
				Accept=*/*
				Content-Type=application/json; charset=UTF-8
Cookies:		<none>
Multiparts:		<none>
Body:
{
    "firstName": "Umanga",
    "lastName": "Madawala",
    "gradeId": 1
}
Request method:	POST
Request URI:	http://localhost:3000/pupils
Proxy:			<none>
Request params:	<none>
Query params:	<none>
Form params:	<none>
Path params:	<none>
Headers:		Authorization=Basic dGVzdENhbmRpZGF0ZTpQQHNzdzByZA==
				Accept=*/*
				Content-Type=application/json; charset=UTF-8
Cookies:		<none>
Multiparts:		<none>
Body:
{
    "firstName": "Umanga",
    "lastName": "Madawala",
    "gradeId": 1
}
Request method:	POST
Request URI:	http://localhost:3000/pupils
Proxy:			<none>
Request params:	<none>
Query params:	<none>
Form params:	<none>
Path params:	<none>
Headers:		Authorization=Basic dGVzdENhbmRpZGF0ZTpQQHNzdzByZA==
				Accept=*/*
				Content-Type=application/json; charset=UTF-8
Cookies:		<none>
Multiparts:		<none>
Body:
{
    "firstName": "Umanga",
    "lastName": "Madawala",
    "gradeId": 1
}
HTTP/1.1 201 Created
X-Powered-By: Express
Location: /pupils/326235
Content-Type: application/json; charset=utf-8
Content-Length: 75
ETag: W/"4b-Zg/E9MCUM+ysiBFkaW8MhAmTd2k"
Date: Sat, 20 Mar 2021 11:01:03 GMT
Connection: keep-alive

{
    "firstName": "Umanga",
    "lastName": "Madawala",
    "gradeId": 1,
    "pupilId": "326235"
}
HTTP/1.1 201 Created
X-Powered-By: Express
Location: /pupils/326235
Content-Type: application/json; charset=utf-8
Content-Length: 75
ETag: W/"4b-Zg/E9MCUM+ysiBFkaW8MhAmTd2k"
Date: Sat, 20 Mar 2021 11:01:03 GMT
Connection: keep-alive

{
    "firstName": "Umanga",
    "lastName": "Madawala",
    "gradeId": 1,
    "pupilId": "326235"
}
HTTP/1.1 201 Created
X-Powered-By: Express
Location: /pupils/326235
Content-Type: application/json; charset=utf-8
Content-Length: 75
ETag: W/"4b-Zg/E9MCUM+ysiBFkaW8MhAmTd2k"
Date: Sat, 20 Mar 2021 11:01:03 GMT
Connection: keep-alive

{
    "firstName": "Umanga",
    "lastName": "Madawala",
    "gradeId": 1,
    "pupilId": "326235"
}
HTTP/1.1 201 Created
X-Powered-By: Express
Location: /pupils/326235
Content-Type: application/json; charset=utf-8
Content-Length: 75
ETag: W/"4b-Zg/E9MCUM+ysiBFkaW8MhAmTd2k"
Date: Sat, 20 Mar 2021 11:01:03 GMT
Connection: keep-alive

{
    "firstName": "Umanga",
    "lastName": "Madawala",
    "gradeId": 1,
    "pupilId": "326235"
}
HTTP/1.1 201 Created
X-Powered-By: Express
Location: /pupils/326235
Content-Type: application/json; charset=utf-8
Content-Length: 75
ETag: W/"4b-Zg/E9MCUM+ysiBFkaW8MhAmTd2k"
Date: Sat, 20 Mar 2021 11:01:03 GMT
Connection: keep-alive

{
    "firstName": "Umanga",
    "lastName": "Madawala",
    "gradeId": 1,
    "pupilId": "326235"
}
HTTP/1.1 201 Created
X-Powered-By: Express
Location: /pupils/326235
Content-Type: application/json; charset=utf-8
Content-Length: 75
ETag: W/"4b-Zg/E9MCUM+ysiBFkaW8MhAmTd2k"
Date: Sat, 20 Mar 2021 11:01:03 GMT
Connection: keep-alive

{
    "firstName": "Umanga",
    "lastName": "Madawala",
    "gradeId": 1,
    "pupilId": "326235"
}
HTTP/1.1 201 Created
X-Powered-By: Express
Location: /pupils/326235
Content-Type: application/json; charset=utf-8
Content-Length: 75
ETag: W/"4b-Zg/E9MCUM+ysiBFkaW8MhAmTd2k"
Date: Sat, 20 Mar 2021 11:01:03 GMT
Connection: keep-alive

{
    "firstName": "Umanga",
    "lastName": "Madawala",
    "gradeId": 1,
    "pupilId": "326235"
}
Request method:	DELETE
Request URI:	http://localhost:3000/pupils/326235
Proxy:			<none>
Request params:	<none>
Query params:	<none>
Form params:	<none>
Path params:	<none>
Headers:		Accept=*/*
				Content-Type=application/json; charset=UTF-8
Cookies:		<none>
Multiparts:		<none>
Body:			<none>
Request method:	DELETE
Request URI:	http://localhost:3000/pupils/326235
Proxy:			<none>
Request params:	<none>
Query params:	<none>
Form params:	<none>
Path params:	<none>
Headers:		Accept=*/*
				Content-Type=application/json; charset=UTF-8
Cookies:		<none>
Multiparts:		<none>
Body:			<none>
Request method:	DELETE
Request URI:	http://localhost:3000/pupils/326235
Proxy:			<none>
Request params:	<none>
Query params:	<none>
Form params:	<none>
Path params:	<none>
Headers:		Accept=*/*
				Content-Type=application/json; charset=UTF-8
Cookies:		<none>
Multiparts:		<none>
Body:			<none>
Request method:	DELETE
Request URI:	http://localhost:3000/pupils/326235
Proxy:			<none>
Request params:	<none>
Query params:	<none>
Form params:	<none>
Path params:	<none>
Headers:		Accept=*/*
				Content-Type=application/json; charset=UTF-8
Cookies:		<none>
Multiparts:		<none>
Body:			<none>
Request method:	DELETE
Request URI:	http://localhost:3000/pupils/326235
Proxy:			<none>
Request params:	<none>
Query params:	<none>
Form params:	<none>
Path params:	<none>
Headers:		Accept=*/*
				Content-Type=application/json; charset=UTF-8
Cookies:		<none>
Multiparts:		<none>
Body:			<none>
Request method:	DELETE
Request URI:	http://localhost:3000/pupils/326235
Proxy:			<none>
Request params:	<none>
Query params:	<none>
Form params:	<none>
Path params:	<none>
Headers:		Accept=*/*
				Content-Type=application/json; charset=UTF-8
Cookies:		<none>
Multiparts:		<none>
Body:			<none>
Request method:	DELETE
Request URI:	http://localhost:3000/pupils/326235
Proxy:			<none>
Request params:	<none>
Query params:	<none>
Form params:	<none>
Path params:	<none>
Headers:		Accept=*/*
				Content-Type=application/json; charset=UTF-8
Cookies:		<none>
Multiparts:		<none>
Body:			<none>
HTTP/1.1 401 Unauthorized
X-Powered-By: Express
Content-Type: application/json; charset=utf-8
Content-Length: 56
ETag: W/"38-rsGCGRko9Txslotl9QGfn5Bn8VU"
Date: Sat, 20 Mar 2021 11:01:03 GMT
Connection: keep-alive

{
    "status": 401,
    "massage": "Authorization header required"
}
HTTP/1.1 401 Unauthorized
X-Powered-By: Express
Content-Type: application/json; charset=utf-8
Content-Length: 56
ETag: W/"38-rsGCGRko9Txslotl9QGfn5Bn8VU"
Date: Sat, 20 Mar 2021 11:01:03 GMT
Connection: keep-alive

{
    "status": 401,
    "massage": "Authorization header required"
}
HTTP/1.1 401 Unauthorized
X-Powered-By: Express
Content-Type: application/json; charset=utf-8
Content-Length: 56
ETag: W/"38-rsGCGRko9Txslotl9QGfn5Bn8VU"
Date: Sat, 20 Mar 2021 11:01:03 GMT
Connection: keep-alive

{
    "status": 401,
    "massage": "Authorization header required"
}
HTTP/1.1 401 Unauthorized
X-Powered-By: Express
Content-Type: application/json; charset=utf-8
Content-Length: 56
ETag: W/"38-rsGCGRko9Txslotl9QGfn5Bn8VU"
Date: Sat, 20 Mar 2021 11:01:03 GMT
Connection: keep-alive

{
    "status": 401,
    "massage": "Authorization header required"
}
HTTP/1.1 401 Unauthorized
X-Powered-By: Express
Content-Type: application/json; charset=utf-8
Content-Length: 56
ETag: W/"38-rsGCGRko9Txslotl9QGfn5Bn8VU"
Date: Sat, 20 Mar 2021 11:01:03 GMT
Connection: keep-alive

{
    "status": 401,
    "massage": "Authorization header required"
}
HTTP/1.1 401 Unauthorized
X-Powered-By: Express
Content-Type: application/json; charset=utf-8
Content-Length: 56
ETag: W/"38-rsGCGRko9Txslotl9QGfn5Bn8VU"
Date: Sat, 20 Mar 2021 11:01:03 GMT
Connection: keep-alive

{
    "status": 401,
    "massage": "Authorization header required"
}
HTTP/1.1 401 Unauthorized
X-Powered-By: Express
Content-Type: application/json; charset=utf-8
Content-Length: 56
ETag: W/"38-rsGCGRko9Txslotl9QGfn5Bn8VU"
Date: Sat, 20 Mar 2021 11:01:03 GMT
Connection: keep-alive

{
    "status": 401,
    "massage": "Authorization header required"
}
Response body assertion error
"message" field does not exist in response body

Actual Response body is {"status":401,"massage":"Authorization header required"}

Scenario Ended: User should not be able to delete a pupil if basic authentication header is not provided
]]></system-out>
  </testcase>
  <testcase name="runScenario[&quot;User should be able to get a pupil with valid pupilId&quot;, &quot;Optional[Get Pupil request functional tests]&quot;](15)" classname="testRunner.TestNGTestRunner" time="0.261">
    <system-out><![CDATA[---------------------------------------------------------------------
Scenario Started: User should be able to get a pupil with valid pupilId
Set Add Pupil request URL as http://localhost:3000/pupils
Request method:	POST
Request URI:	http://localhost:3000/pupils
Proxy:			<none>
Request params:	<none>
Query params:	<none>
Form params:	<none>
Path params:	<none>
Headers:		Authorization=Basic dGVzdENhbmRpZGF0ZTpQQHNzdzByZA==
				Accept=*/*
				Content-Type=application/json; charset=UTF-8
Cookies:		<none>
Multiparts:		<none>
Body:
{
    "firstName": "Umanga",
    "lastName": "Madawala",
    "gradeId": 1
}
Request method:	POST
Request URI:	http://localhost:3000/pupils
Proxy:			<none>
Request params:	<none>
Query params:	<none>
Form params:	<none>
Path params:	<none>
Headers:		Authorization=Basic dGVzdENhbmRpZGF0ZTpQQHNzdzByZA==
				Accept=*/*
				Content-Type=application/json; charset=UTF-8
Cookies:		<none>
Multiparts:		<none>
Body:
{
    "firstName": "Umanga",
    "lastName": "Madawala",
    "gradeId": 1
}
Request method:	POST
Request URI:	http://localhost:3000/pupils
Proxy:			<none>
Request params:	<none>
Query params:	<none>
Form params:	<none>
Path params:	<none>
Headers:		Authorization=Basic dGVzdENhbmRpZGF0ZTpQQHNzdzByZA==
				Accept=*/*
				Content-Type=application/json; charset=UTF-8
Cookies:		<none>
Multiparts:		<none>
Body:
{
    "firstName": "Umanga",
    "lastName": "Madawala",
    "gradeId": 1
}
Request method:	POST
Request URI:	http://localhost:3000/pupils
Proxy:			<none>
Request params:	<none>
Query params:	<none>
Form params:	<none>
Path params:	<none>
Headers:		Authorization=Basic dGVzdENhbmRpZGF0ZTpQQHNzdzByZA==
				Accept=*/*
				Content-Type=application/json; charset=UTF-8
Cookies:		<none>
Multiparts:		<none>
Body:
{
    "firstName": "Umanga",
    "lastName": "Madawala",
    "gradeId": 1
}
Request method:	POST
Request URI:	http://localhost:3000/pupils
Proxy:			<none>
Request params:	<none>
Query params:	<none>
Form params:	<none>
Path params:	<none>
Headers:		Authorization=Basic dGVzdENhbmRpZGF0ZTpQQHNzdzByZA==
				Accept=*/*
				Content-Type=application/json; charset=UTF-8
Cookies:		<none>
Multiparts:		<none>
Body:
{
    "firstName": "Umanga",
    "lastName": "Madawala",
    "gradeId": 1
}
Request method:	POST
Request URI:	http://localhost:3000/pupils
Proxy:			<none>
Request params:	<none>
Query params:	<none>
Form params:	<none>
Path params:	<none>
Headers:		Authorization=Basic dGVzdENhbmRpZGF0ZTpQQHNzdzByZA==
				Accept=*/*
				Content-Type=application/json; charset=UTF-8
Cookies:		<none>
Multiparts:		<none>
Body:
{
    "firstName": "Umanga",
    "lastName": "Madawala",
    "gradeId": 1
}
Request method:	POST
Request URI:	http://localhost:3000/pupils
Proxy:			<none>
Request params:	<none>
Query params:	<none>
Form params:	<none>
Path params:	<none>
Headers:		Authorization=Basic dGVzdENhbmRpZGF0ZTpQQHNzdzByZA==
				Accept=*/*
				Content-Type=application/json; charset=UTF-8
Cookies:		<none>
Multiparts:		<none>
Body:
{
    "firstName": "Umanga",
    "lastName": "Madawala",
    "gradeId": 1
}
Request method:	POST
Request URI:	http://localhost:3000/pupils
Proxy:			<none>
Request params:	<none>
Query params:	<none>
Form params:	<none>
Path params:	<none>
Headers:		Authorization=Basic dGVzdENhbmRpZGF0ZTpQQHNzdzByZA==
				Accept=*/*
				Content-Type=application/json; charset=UTF-8
Cookies:		<none>
Multiparts:		<none>
Body:
{
    "firstName": "Umanga",
    "lastName": "Madawala",
    "gradeId": 1
}
HTTP/1.1 201 Created
X-Powered-By: Express
Location: /pupils/871874
Content-Type: application/json; charset=utf-8
Content-Length: 75
ETag: W/"4b-HD1krnTLxfeC5nMCWRg8RgOyj34"
Date: Sat, 20 Mar 2021 11:01:03 GMT
Connection: keep-alive

{
    "firstName": "Umanga",
    "lastName": "Madawala",
    "gradeId": 1,
    "pupilId": "871874"
}
HTTP/1.1 201 Created
X-Powered-By: Express
Location: /pupils/871874
Content-Type: application/json; charset=utf-8
Content-Length: 75
ETag: W/"4b-HD1krnTLxfeC5nMCWRg8RgOyj34"
Date: Sat, 20 Mar 2021 11:01:03 GMT
Connection: keep-alive

{
    "firstName": "Umanga",
    "lastName": "Madawala",
    "gradeId": 1,
    "pupilId": "871874"
}
HTTP/1.1 201 Created
X-Powered-By: Express
Location: /pupils/871874
Content-Type: application/json; charset=utf-8
Content-Length: 75
ETag: W/"4b-HD1krnTLxfeC5nMCWRg8RgOyj34"
Date: Sat, 20 Mar 2021 11:01:03 GMT
Connection: keep-alive

{
    "firstName": "Umanga",
    "lastName": "Madawala",
    "gradeId": 1,
    "pupilId": "871874"
}
HTTP/1.1 201 Created
X-Powered-By: Express
Location: /pupils/871874
Content-Type: application/json; charset=utf-8
Content-Length: 75
ETag: W/"4b-HD1krnTLxfeC5nMCWRg8RgOyj34"
Date: Sat, 20 Mar 2021 11:01:03 GMT
Connection: keep-alive

{
    "firstName": "Umanga",
    "lastName": "Madawala",
    "gradeId": 1,
    "pupilId": "871874"
}
HTTP/1.1 201 Created
X-Powered-By: Express
Location: /pupils/871874
Content-Type: application/json; charset=utf-8
Content-Length: 75
ETag: W/"4b-HD1krnTLxfeC5nMCWRg8RgOyj34"
Date: Sat, 20 Mar 2021 11:01:03 GMT
Connection: keep-alive

{
    "firstName": "Umanga",
    "lastName": "Madawala",
    "gradeId": 1,
    "pupilId": "871874"
}
HTTP/1.1 201 Created
X-Powered-By: Express
Location: /pupils/871874
Content-Type: application/json; charset=utf-8
Content-Length: 75
ETag: W/"4b-HD1krnTLxfeC5nMCWRg8RgOyj34"
Date: Sat, 20 Mar 2021 11:01:03 GMT
Connection: keep-alive

{
    "firstName": "Umanga",
    "lastName": "Madawala",
    "gradeId": 1,
    "pupilId": "871874"
}
HTTP/1.1 201 Created
X-Powered-By: Express
Location: /pupils/871874
Content-Type: application/json; charset=utf-8
Content-Length: 75
ETag: W/"4b-HD1krnTLxfeC5nMCWRg8RgOyj34"
Date: Sat, 20 Mar 2021 11:01:03 GMT
Connection: keep-alive

{
    "firstName": "Umanga",
    "lastName": "Madawala",
    "gradeId": 1,
    "pupilId": "871874"
}
HTTP/1.1 201 Created
X-Powered-By: Express
Location: /pupils/871874
Content-Type: application/json; charset=utf-8
Content-Length: 75
ETag: W/"4b-HD1krnTLxfeC5nMCWRg8RgOyj34"
Date: Sat, 20 Mar 2021 11:01:03 GMT
Connection: keep-alive

{
    "firstName": "Umanga",
    "lastName": "Madawala",
    "gradeId": 1,
    "pupilId": "871874"
}
Request method:	GET
Request URI:	http://localhost:3000/pupils/871874
Proxy:			<none>
Request params:	<none>
Query params:	<none>
Form params:	<none>
Path params:	<none>
Headers:		Accept=*/*
				Content-Type=application/json; charset=UTF-8
Cookies:		<none>
Multiparts:		<none>
Body:			<none>
Request method:	GET
Request URI:	http://localhost:3000/pupils/871874
Proxy:			<none>
Request params:	<none>
Query params:	<none>
Form params:	<none>
Path params:	<none>
Headers:		Accept=*/*
				Content-Type=application/json; charset=UTF-8
Cookies:		<none>
Multiparts:		<none>
Body:			<none>
Request method:	GET
Request URI:	http://localhost:3000/pupils/871874
Proxy:			<none>
Request params:	<none>
Query params:	<none>
Form params:	<none>
Path params:	<none>
Headers:		Accept=*/*
				Content-Type=application/json; charset=UTF-8
Cookies:		<none>
Multiparts:		<none>
Body:			<none>
Request method:	GET
Request URI:	http://localhost:3000/pupils/871874
Proxy:			<none>
Request params:	<none>
Query params:	<none>
Form params:	<none>
Path params:	<none>
Headers:		Accept=*/*
				Content-Type=application/json; charset=UTF-8
Cookies:		<none>
Multiparts:		<none>
Body:			<none>
Request method:	GET
Request URI:	http://localhost:3000/pupils/871874
Proxy:			<none>
Request params:	<none>
Query params:	<none>
Form params:	<none>
Path params:	<none>
Headers:		Accept=*/*
				Content-Type=application/json; charset=UTF-8
Cookies:		<none>
Multiparts:		<none>
Body:			<none>
Request method:	GET
Request URI:	http://localhost:3000/pupils/871874
Proxy:			<none>
Request params:	<none>
Query params:	<none>
Form params:	<none>
Path params:	<none>
Headers:		Accept=*/*
				Content-Type=application/json; charset=UTF-8
Cookies:		<none>
Multiparts:		<none>
Body:			<none>
Request method:	GET
Request URI:	http://localhost:3000/pupils/871874
Proxy:			<none>
Request params:	<none>
Query params:	<none>
Form params:	<none>
Path params:	<none>
Headers:		Accept=*/*
				Content-Type=application/json; charset=UTF-8
Cookies:		<none>
Multiparts:		<none>
Body:			<none>
Request method:	GET
Request URI:	http://localhost:3000/pupils/871874
Proxy:			<none>
Request params:	<none>
Query params:	<none>
Form params:	<none>
Path params:	<none>
Headers:		Accept=*/*
				Content-Type=application/json; charset=UTF-8
Cookies:		<none>
Multiparts:		<none>
Body:			<none>
HTTP/1.1 200 OK
X-Powered-By: Express
Content-Type: application/json; charset=utf-8
Content-Length: 75
ETag: W/"4b-HD1krnTLxfeC5nMCWRg8RgOyj34"
Date: Sat, 20 Mar 2021 11:01:03 GMT
Connection: keep-alive

{
    "firstName": "Umanga",
    "lastName": "Madawala",
    "gradeId": 1,
    "pupilId": "871874"
}
HTTP/1.1 200 OK
X-Powered-By: Express
Content-Type: application/json; charset=utf-8
Content-Length: 75
ETag: W/"4b-HD1krnTLxfeC5nMCWRg8RgOyj34"
Date: Sat, 20 Mar 2021 11:01:03 GMT
Connection: keep-alive

{
    "firstName": "Umanga",
    "lastName": "Madawala",
    "gradeId": 1,
    "pupilId": "871874"
}
HTTP/1.1 200 OK
X-Powered-By: Express
Content-Type: application/json; charset=utf-8
Content-Length: 75
ETag: W/"4b-HD1krnTLxfeC5nMCWRg8RgOyj34"
Date: Sat, 20 Mar 2021 11:01:03 GMT
Connection: keep-alive

{
    "firstName": "Umanga",
    "lastName": "Madawala",
    "gradeId": 1,
    "pupilId": "871874"
}
HTTP/1.1 200 OK
X-Powered-By: Express
Content-Type: application/json; charset=utf-8
Content-Length: 75
ETag: W/"4b-HD1krnTLxfeC5nMCWRg8RgOyj34"
Date: Sat, 20 Mar 2021 11:01:03 GMT
Connection: keep-alive

{
    "firstName": "Umanga",
    "lastName": "Madawala",
    "gradeId": 1,
    "pupilId": "871874"
}
HTTP/1.1 200 OK
X-Powered-By: Express
Content-Type: application/json; charset=utf-8
Content-Length: 75
ETag: W/"4b-HD1krnTLxfeC5nMCWRg8RgOyj34"
Date: Sat, 20 Mar 2021 11:01:03 GMT
Connection: keep-alive

{
    "firstName": "Umanga",
    "lastName": "Madawala",
    "gradeId": 1,
    "pupilId": "871874"
}
HTTP/1.1 200 OK
X-Powered-By: Express
Content-Type: application/json; charset=utf-8
Content-Length: 75
ETag: W/"4b-HD1krnTLxfeC5nMCWRg8RgOyj34"
Date: Sat, 20 Mar 2021 11:01:03 GMT
Connection: keep-alive

{
    "firstName": "Umanga",
    "lastName": "Madawala",
    "gradeId": 1,
    "pupilId": "871874"
}
HTTP/1.1 200 OK
X-Powered-By: Express
Content-Type: application/json; charset=utf-8
Content-Length: 75
ETag: W/"4b-HD1krnTLxfeC5nMCWRg8RgOyj34"
Date: Sat, 20 Mar 2021 11:01:03 GMT
Connection: keep-alive

{
    "firstName": "Umanga",
    "lastName": "Madawala",
    "gradeId": 1,
    "pupilId": "871874"
}
HTTP/1.1 200 OK
X-Powered-By: Express
Content-Type: application/json; charset=utf-8
Content-Length: 75
ETag: W/"4b-HD1krnTLxfeC5nMCWRg8RgOyj34"
Date: Sat, 20 Mar 2021 11:01:03 GMT
Connection: keep-alive

{
    "firstName": "Umanga",
    "lastName": "Madawala",
    "gradeId": 1,
    "pupilId": "871874"
}
Scenario Ended: User should be able to get a pupil with valid pupilId
]]></system-out>
  </testcase>
  <testcase name="runScenario[&quot;User should not be able to get a pupil with non-existent pupilId&quot;, &quot;Optional[Get Pupil request functional tests]&quot;](16)" classname="testRunner.TestNGTestRunner" time="0.267">
    <failure message="1 expectation failed.&#10;Expected status code &lt;404&gt; but was &lt;504&gt;.&#10;&#10;&#10;Actual Response body is {&quot;status&quot;:504,&quot;massage&quot;:&quot;Pupil with ID: \&quot;12321\&quot; not found&quot;}&#10;" type="java.lang.AssertionError"><![CDATA[java.lang.AssertionError: 
1 expectation failed.
Expected status code <404> but was <504>.


Actual Response body is {"status":504,"massage":"Pupil with ID: \"12321\" not found"}

]]></failure>
    <system-out><![CDATA[---------------------------------------------------------------------
Scenario Started: User should not be able to get a pupil with non-existent pupilId
Set Add Pupil request URL as http://localhost:3000/pupils
Request method:	POST
Request URI:	http://localhost:3000/pupils
Proxy:			<none>
Request params:	<none>
Query params:	<none>
Form params:	<none>
Path params:	<none>
Headers:		Authorization=Basic dGVzdENhbmRpZGF0ZTpQQHNzdzByZA==
				Accept=*/*
				Content-Type=application/json; charset=UTF-8
Cookies:		<none>
Multiparts:		<none>
Body:
{
    "firstName": "Umanga",
    "lastName": "Madawala",
    "gradeId": 1
}
Request method:	POST
Request URI:	http://localhost:3000/pupils
Proxy:			<none>
Request params:	<none>
Query params:	<none>
Form params:	<none>
Path params:	<none>
Headers:		Authorization=Basic dGVzdENhbmRpZGF0ZTpQQHNzdzByZA==
				Accept=*/*
				Content-Type=application/json; charset=UTF-8
Cookies:		<none>
Multiparts:		<none>
Body:
{
    "firstName": "Umanga",
    "lastName": "Madawala",
    "gradeId": 1
}
Request method:	POST
Request URI:	http://localhost:3000/pupils
Proxy:			<none>
Request params:	<none>
Query params:	<none>
Form params:	<none>
Path params:	<none>
Headers:		Authorization=Basic dGVzdENhbmRpZGF0ZTpQQHNzdzByZA==
				Accept=*/*
				Content-Type=application/json; charset=UTF-8
Cookies:		<none>
Multiparts:		<none>
Body:
{
    "firstName": "Umanga",
    "lastName": "Madawala",
    "gradeId": 1
}
Request method:	POST
Request URI:	http://localhost:3000/pupils
Proxy:			<none>
Request params:	<none>
Query params:	<none>
Form params:	<none>
Path params:	<none>
Headers:		Authorization=Basic dGVzdENhbmRpZGF0ZTpQQHNzdzByZA==
				Accept=*/*
				Content-Type=application/json; charset=UTF-8
Cookies:		<none>
Multiparts:		<none>
Body:
{
    "firstName": "Umanga",
    "lastName": "Madawala",
    "gradeId": 1
}
Request method:	POST
Request URI:	http://localhost:3000/pupils
Proxy:			<none>
Request params:	<none>
Query params:	<none>
Form params:	<none>
Path params:	<none>
Headers:		Authorization=Basic dGVzdENhbmRpZGF0ZTpQQHNzdzByZA==
				Accept=*/*
				Content-Type=application/json; charset=UTF-8
Cookies:		<none>
Multiparts:		<none>
Body:
{
    "firstName": "Umanga",
    "lastName": "Madawala",
    "gradeId": 1
}
Request method:	POST
Request URI:	http://localhost:3000/pupils
Proxy:			<none>
Request params:	<none>
Query params:	<none>
Form params:	<none>
Path params:	<none>
Headers:		Authorization=Basic dGVzdENhbmRpZGF0ZTpQQHNzdzByZA==
				Accept=*/*
				Content-Type=application/json; charset=UTF-8
Cookies:		<none>
Multiparts:		<none>
Body:
{
    "firstName": "Umanga",
    "lastName": "Madawala",
    "gradeId": 1
}
Request method:	POST
Request URI:	http://localhost:3000/pupils
Proxy:			<none>
Request params:	<none>
Query params:	<none>
Form params:	<none>
Path params:	<none>
Headers:		Authorization=Basic dGVzdENhbmRpZGF0ZTpQQHNzdzByZA==
				Accept=*/*
				Content-Type=application/json; charset=UTF-8
Cookies:		<none>
Multiparts:		<none>
Body:
{
    "firstName": "Umanga",
    "lastName": "Madawala",
    "gradeId": 1
}
Request method:	POST
Request URI:	http://localhost:3000/pupils
Proxy:			<none>
Request params:	<none>
Query params:	<none>
Form params:	<none>
Path params:	<none>
Headers:		Authorization=Basic dGVzdENhbmRpZGF0ZTpQQHNzdzByZA==
				Accept=*/*
				Content-Type=application/json; charset=UTF-8
Cookies:		<none>
Multiparts:		<none>
Body:
{
    "firstName": "Umanga",
    "lastName": "Madawala",
    "gradeId": 1
}
Request method:	POST
Request URI:	http://localhost:3000/pupils
Proxy:			<none>
Request params:	<none>
Query params:	<none>
Form params:	<none>
Path params:	<none>
Headers:		Authorization=Basic dGVzdENhbmRpZGF0ZTpQQHNzdzByZA==
				Accept=*/*
				Content-Type=application/json; charset=UTF-8
Cookies:		<none>
Multiparts:		<none>
Body:
{
    "firstName": "Umanga",
    "lastName": "Madawala",
    "gradeId": 1
}
HTTP/1.1 201 Created
X-Powered-By: Express
Location: /pupils/735485
Content-Type: application/json; charset=utf-8
Content-Length: 75
ETag: W/"4b-5K66AQwPk53YJ7eSPIk8vGnaLF0"
Date: Sat, 20 Mar 2021 11:01:03 GMT
Connection: keep-alive

{
    "firstName": "Umanga",
    "lastName": "Madawala",
    "gradeId": 1,
    "pupilId": "735485"
}
HTTP/1.1 201 Created
X-Powered-By: Express
Location: /pupils/735485
Content-Type: application/json; charset=utf-8
Content-Length: 75
ETag: W/"4b-5K66AQwPk53YJ7eSPIk8vGnaLF0"
Date: Sat, 20 Mar 2021 11:01:03 GMT
Connection: keep-alive

{
    "firstName": "Umanga",
    "lastName": "Madawala",
    "gradeId": 1,
    "pupilId": "735485"
}
HTTP/1.1 201 Created
X-Powered-By: Express
Location: /pupils/735485
Content-Type: application/json; charset=utf-8
Content-Length: 75
ETag: W/"4b-5K66AQwPk53YJ7eSPIk8vGnaLF0"
Date: Sat, 20 Mar 2021 11:01:03 GMT
Connection: keep-alive

{
    "firstName": "Umanga",
    "lastName": "Madawala",
    "gradeId": 1,
    "pupilId": "735485"
}
HTTP/1.1 201 Created
X-Powered-By: Express
Location: /pupils/735485
Content-Type: application/json; charset=utf-8
Content-Length: 75
ETag: W/"4b-5K66AQwPk53YJ7eSPIk8vGnaLF0"
Date: Sat, 20 Mar 2021 11:01:03 GMT
Connection: keep-alive

{
    "firstName": "Umanga",
    "lastName": "Madawala",
    "gradeId": 1,
    "pupilId": "735485"
}
HTTP/1.1 201 Created
X-Powered-By: Express
Location: /pupils/735485
Content-Type: application/json; charset=utf-8
Content-Length: 75
ETag: W/"4b-5K66AQwPk53YJ7eSPIk8vGnaLF0"
Date: Sat, 20 Mar 2021 11:01:03 GMT
Connection: keep-alive

{
    "firstName": "Umanga",
    "lastName": "Madawala",
    "gradeId": 1,
    "pupilId": "735485"
}
HTTP/1.1 201 Created
X-Powered-By: Express
Location: /pupils/735485
Content-Type: application/json; charset=utf-8
Content-Length: 75
ETag: W/"4b-5K66AQwPk53YJ7eSPIk8vGnaLF0"
Date: Sat, 20 Mar 2021 11:01:03 GMT
Connection: keep-alive

{
    "firstName": "Umanga",
    "lastName": "Madawala",
    "gradeId": 1,
    "pupilId": "735485"
}
HTTP/1.1 201 Created
X-Powered-By: Express
Location: /pupils/735485
Content-Type: application/json; charset=utf-8
Content-Length: 75
ETag: W/"4b-5K66AQwPk53YJ7eSPIk8vGnaLF0"
Date: Sat, 20 Mar 2021 11:01:03 GMT
Connection: keep-alive

{
    "firstName": "Umanga",
    "lastName": "Madawala",
    "gradeId": 1,
    "pupilId": "735485"
}
HTTP/1.1 201 Created
X-Powered-By: Express
Location: /pupils/735485
Content-Type: application/json; charset=utf-8
Content-Length: 75
ETag: W/"4b-5K66AQwPk53YJ7eSPIk8vGnaLF0"
Date: Sat, 20 Mar 2021 11:01:03 GMT
Connection: keep-alive

{
    "firstName": "Umanga",
    "lastName": "Madawala",
    "gradeId": 1,
    "pupilId": "735485"
}
HTTP/1.1 201 Created
X-Powered-By: Express
Location: /pupils/735485
Content-Type: application/json; charset=utf-8
Content-Length: 75
ETag: W/"4b-5K66AQwPk53YJ7eSPIk8vGnaLF0"
Date: Sat, 20 Mar 2021 11:01:03 GMT
Connection: keep-alive

{
    "firstName": "Umanga",
    "lastName": "Madawala",
    "gradeId": 1,
    "pupilId": "735485"
}
Request method:	GET
Request URI:	http://localhost:3000/pupils/12321
Proxy:			<none>
Request params:	<none>
Query params:	<none>
Form params:	<none>
Path params:	<none>
Headers:		Accept=*/*
				Content-Type=application/json; charset=UTF-8
Cookies:		<none>
Multiparts:		<none>
Body:			<none>
Request method:	GET
Request URI:	http://localhost:3000/pupils/12321
Proxy:			<none>
Request params:	<none>
Query params:	<none>
Form params:	<none>
Path params:	<none>
Headers:		Accept=*/*
				Content-Type=application/json; charset=UTF-8
Cookies:		<none>
Multiparts:		<none>
Body:			<none>
Request method:	GET
Request URI:	http://localhost:3000/pupils/12321
Proxy:			<none>
Request params:	<none>
Query params:	<none>
Form params:	<none>
Path params:	<none>
Headers:		Accept=*/*
				Content-Type=application/json; charset=UTF-8
Cookies:		<none>
Multiparts:		<none>
Body:			<none>
Request method:	GET
Request URI:	http://localhost:3000/pupils/12321
Proxy:			<none>
Request params:	<none>
Query params:	<none>
Form params:	<none>
Path params:	<none>
Headers:		Accept=*/*
				Content-Type=application/json; charset=UTF-8
Cookies:		<none>
Multiparts:		<none>
Body:			<none>
Request method:	GET
Request URI:	http://localhost:3000/pupils/12321
Proxy:			<none>
Request params:	<none>
Query params:	<none>
Form params:	<none>
Path params:	<none>
Headers:		Accept=*/*
				Content-Type=application/json; charset=UTF-8
Cookies:		<none>
Multiparts:		<none>
Body:			<none>
Request method:	GET
Request URI:	http://localhost:3000/pupils/12321
Proxy:			<none>
Request params:	<none>
Query params:	<none>
Form params:	<none>
Path params:	<none>
Headers:		Accept=*/*
				Content-Type=application/json; charset=UTF-8
Cookies:		<none>
Multiparts:		<none>
Body:			<none>
Request method:	GET
Request URI:	http://localhost:3000/pupils/12321
Proxy:			<none>
Request params:	<none>
Query params:	<none>
Form params:	<none>
Path params:	<none>
Headers:		Accept=*/*
				Content-Type=application/json; charset=UTF-8
Cookies:		<none>
Multiparts:		<none>
Body:			<none>
Request method:	GET
Request URI:	http://localhost:3000/pupils/12321
Proxy:			<none>
Request params:	<none>
Query params:	<none>
Form params:	<none>
Path params:	<none>
Headers:		Accept=*/*
				Content-Type=application/json; charset=UTF-8
Cookies:		<none>
Multiparts:		<none>
Body:			<none>
Request method:	GET
Request URI:	http://localhost:3000/pupils/12321
Proxy:			<none>
Request params:	<none>
Query params:	<none>
Form params:	<none>
Path params:	<none>
Headers:		Accept=*/*
				Content-Type=application/json; charset=UTF-8
Cookies:		<none>
Multiparts:		<none>
Body:			<none>
HTTP/1.1 504 Gateway Timeout
X-Powered-By: Express
Content-Type: application/json; charset=utf-8
Content-Length: 61
ETag: W/"3d-IZA7KBsDHovHXzc2bxnNdkyiL00"
Date: Sat, 20 Mar 2021 11:01:03 GMT
Connection: keep-alive

{
    "status": 504,
    "massage": "Pupil with ID: \"12321\" not found"
}
HTTP/1.1 504 Gateway Timeout
X-Powered-By: Express
Content-Type: application/json; charset=utf-8
Content-Length: 61
ETag: W/"3d-IZA7KBsDHovHXzc2bxnNdkyiL00"
Date: Sat, 20 Mar 2021 11:01:03 GMT
Connection: keep-alive

{
    "status": 504,
    "massage": "Pupil with ID: \"12321\" not found"
}
HTTP/1.1 504 Gateway Timeout
X-Powered-By: Express
Content-Type: application/json; charset=utf-8
Content-Length: 61
ETag: W/"3d-IZA7KBsDHovHXzc2bxnNdkyiL00"
Date: Sat, 20 Mar 2021 11:01:03 GMT
Connection: keep-alive

{
    "status": 504,
    "massage": "Pupil with ID: \"12321\" not found"
}
HTTP/1.1 504 Gateway Timeout
X-Powered-By: Express
Content-Type: application/json; charset=utf-8
Content-Length: 61
ETag: W/"3d-IZA7KBsDHovHXzc2bxnNdkyiL00"
Date: Sat, 20 Mar 2021 11:01:03 GMT
Connection: keep-alive

{
    "status": 504,
    "massage": "Pupil with ID: \"12321\" not found"
}
HTTP/1.1 504 Gateway Timeout
X-Powered-By: Express
Content-Type: application/json; charset=utf-8
Content-Length: 61
ETag: W/"3d-IZA7KBsDHovHXzc2bxnNdkyiL00"
Date: Sat, 20 Mar 2021 11:01:03 GMT
Connection: keep-alive

{
    "status": 504,
    "massage": "Pupil with ID: \"12321\" not found"
}
HTTP/1.1 504 Gateway Timeout
X-Powered-By: Express
Content-Type: application/json; charset=utf-8
Content-Length: 61
ETag: W/"3d-IZA7KBsDHovHXzc2bxnNdkyiL00"
Date: Sat, 20 Mar 2021 11:01:03 GMT
Connection: keep-alive

{
    "status": 504,
    "massage": "Pupil with ID: \"12321\" not found"
}
HTTP/1.1 504 Gateway Timeout
X-Powered-By: Express
Content-Type: application/json; charset=utf-8
Content-Length: 61
ETag: W/"3d-IZA7KBsDHovHXzc2bxnNdkyiL00"
Date: Sat, 20 Mar 2021 11:01:03 GMT
Connection: keep-alive

{
    "status": 504,
    "massage": "Pupil with ID: \"12321\" not found"
}
HTTP/1.1 504 Gateway Timeout
X-Powered-By: Express
Content-Type: application/json; charset=utf-8
Content-Length: 61
ETag: W/"3d-IZA7KBsDHovHXzc2bxnNdkyiL00"
Date: Sat, 20 Mar 2021 11:01:03 GMT
Connection: keep-alive

{
    "status": 504,
    "massage": "Pupil with ID: \"12321\" not found"
}
HTTP/1.1 504 Gateway Timeout
X-Powered-By: Express
Content-Type: application/json; charset=utf-8
Content-Length: 61
ETag: W/"3d-IZA7KBsDHovHXzc2bxnNdkyiL00"
Date: Sat, 20 Mar 2021 11:01:03 GMT
Connection: keep-alive

{
    "status": 504,
    "massage": "Pupil with ID: \"12321\" not found"
}
Status code mismatch
1 expectation failed.
Expected status code <404> but was <504>.


Actual Response body is {"status":504,"massage":"Pupil with ID: \"12321\" not found"}

Scenario Ended: User should not be able to get a pupil with non-existent pupilId
]]></system-out>
  </testcase>
  <testcase name="runScenario[&quot;User should be able to get all pupils if empty pupilId is sent&quot;, &quot;Optional[Get Pupil request functional tests]&quot;](17)" classname="testRunner.TestNGTestRunner" time="1.492">
    <system-out><![CDATA[---------------------------------------------------------------------
Scenario Started: User should be able to get all pupils if empty pupilId is sent
Set Add Pupil request URL as http://localhost:3000/pupils
Request method:	POST
Request URI:	http://localhost:3000/pupils
Proxy:			<none>
Request params:	<none>
Query params:	<none>
Form params:	<none>
Path params:	<none>
Headers:		Authorization=Basic dGVzdENhbmRpZGF0ZTpQQHNzdzByZA==
				Accept=*/*
				Content-Type=application/json; charset=UTF-8
Cookies:		<none>
Multiparts:		<none>
Body:
{
    "firstName": "Umanga",
    "lastName": "Madawala",
    "gradeId": 1
}
Request method:	POST
Request URI:	http://localhost:3000/pupils
Proxy:			<none>
Request params:	<none>
Query params:	<none>
Form params:	<none>
Path params:	<none>
Headers:		Authorization=Basic dGVzdENhbmRpZGF0ZTpQQHNzdzByZA==
				Accept=*/*
				Content-Type=application/json; charset=UTF-8
Cookies:		<none>
Multiparts:		<none>
Body:
{
    "firstName": "Umanga",
    "lastName": "Madawala",
    "gradeId": 1
}
Request method:	POST
Request URI:	http://localhost:3000/pupils
Proxy:			<none>
Request params:	<none>
Query params:	<none>
Form params:	<none>
Path params:	<none>
Headers:		Authorization=Basic dGVzdENhbmRpZGF0ZTpQQHNzdzByZA==
				Accept=*/*
				Content-Type=application/json; charset=UTF-8
Cookies:		<none>
Multiparts:		<none>
Body:
{
    "firstName": "Umanga",
    "lastName": "Madawala",
    "gradeId": 1
}
Request method:	POST
Request URI:	http://localhost:3000/pupils
Proxy:			<none>
Request params:	<none>
Query params:	<none>
Form params:	<none>
Path params:	<none>
Headers:		Authorization=Basic dGVzdENhbmRpZGF0ZTpQQHNzdzByZA==
				Accept=*/*
				Content-Type=application/json; charset=UTF-8
Cookies:		<none>
Multiparts:		<none>
Body:
{
    "firstName": "Umanga",
    "lastName": "Madawala",
    "gradeId": 1
}
Request method:	POST
Request URI:	http://localhost:3000/pupils
Proxy:			<none>
Request params:	<none>
Query params:	<none>
Form params:	<none>
Path params:	<none>
Headers:		Authorization=Basic dGVzdENhbmRpZGF0ZTpQQHNzdzByZA==
				Accept=*/*
				Content-Type=application/json; charset=UTF-8
Cookies:		<none>
Multiparts:		<none>
Body:
{
    "firstName": "Umanga",
    "lastName": "Madawala",
    "gradeId": 1
}
Request method:	POST
Request URI:	http://localhost:3000/pupils
Proxy:			<none>
Request params:	<none>
Query params:	<none>
Form params:	<none>
Path params:	<none>
Headers:		Authorization=Basic dGVzdENhbmRpZGF0ZTpQQHNzdzByZA==
				Accept=*/*
				Content-Type=application/json; charset=UTF-8
Cookies:		<none>
Multiparts:		<none>
Body:
{
    "firstName": "Umanga",
    "lastName": "Madawala",
    "gradeId": 1
}
Request method:	POST
Request URI:	http://localhost:3000/pupils
Proxy:			<none>
Request params:	<none>
Query params:	<none>
Form params:	<none>
Path params:	<none>
Headers:		Authorization=Basic dGVzdENhbmRpZGF0ZTpQQHNzdzByZA==
				Accept=*/*
				Content-Type=application/json; charset=UTF-8
Cookies:		<none>
Multiparts:		<none>
Body:
{
    "firstName": "Umanga",
    "lastName": "Madawala",
    "gradeId": 1
}
Request method:	POST
Request URI:	http://localhost:3000/pupils
Proxy:			<none>
Request params:	<none>
Query params:	<none>
Form params:	<none>
Path params:	<none>
Headers:		Authorization=Basic dGVzdENhbmRpZGF0ZTpQQHNzdzByZA==
				Accept=*/*
				Content-Type=application/json; charset=UTF-8
Cookies:		<none>
Multiparts:		<none>
Body:
{
    "firstName": "Umanga",
    "lastName": "Madawala",
    "gradeId": 1
}
Request method:	POST
Request URI:	http://localhost:3000/pupils
Proxy:			<none>
Request params:	<none>
Query params:	<none>
Form params:	<none>
Path params:	<none>
Headers:		Authorization=Basic dGVzdENhbmRpZGF0ZTpQQHNzdzByZA==
				Accept=*/*
				Content-Type=application/json; charset=UTF-8
Cookies:		<none>
Multiparts:		<none>
Body:
{
    "firstName": "Umanga",
    "lastName": "Madawala",
    "gradeId": 1
}
Request method:	POST
Request URI:	http://localhost:3000/pupils
Proxy:			<none>
Request params:	<none>
Query params:	<none>
Form params:	<none>
Path params:	<none>
Headers:		Authorization=Basic dGVzdENhbmRpZGF0ZTpQQHNzdzByZA==
				Accept=*/*
				Content-Type=application/json; charset=UTF-8
Cookies:		<none>
Multiparts:		<none>
Body:
{
    "firstName": "Umanga",
    "lastName": "Madawala",
    "gradeId": 1
}
HTTP/1.1 201 Created
X-Powered-By: Express
Location: /pupils/540601
Content-Type: application/json; charset=utf-8
Content-Length: 75
ETag: W/"4b-uofJA9O+Itc5ilR2HoVss49w9vA"
Date: Sat, 20 Mar 2021 11:01:04 GMT
Connection: keep-alive

{
    "firstName": "Umanga",
    "lastName": "Madawala",
    "gradeId": 1,
    "pupilId": "540601"
}
HTTP/1.1 201 Created
X-Powered-By: Express
Location: /pupils/540601
Content-Type: application/json; charset=utf-8
Content-Length: 75
ETag: W/"4b-uofJA9O+Itc5ilR2HoVss49w9vA"
Date: Sat, 20 Mar 2021 11:01:04 GMT
Connection: keep-alive

{
    "firstName": "Umanga",
    "lastName": "Madawala",
    "gradeId": 1,
    "pupilId": "540601"
}
HTTP/1.1 201 Created
X-Powered-By: Express
Location: /pupils/540601
Content-Type: application/json; charset=utf-8
Content-Length: 75
ETag: W/"4b-uofJA9O+Itc5ilR2HoVss49w9vA"
Date: Sat, 20 Mar 2021 11:01:04 GMT
Connection: keep-alive

{
    "firstName": "Umanga",
    "lastName": "Madawala",
    "gradeId": 1,
    "pupilId": "540601"
}
HTTP/1.1 201 Created
X-Powered-By: Express
Location: /pupils/540601
Content-Type: application/json; charset=utf-8
Content-Length: 75
ETag: W/"4b-uofJA9O+Itc5ilR2HoVss49w9vA"
Date: Sat, 20 Mar 2021 11:01:04 GMT
Connection: keep-alive

{
    "firstName": "Umanga",
    "lastName": "Madawala",
    "gradeId": 1,
    "pupilId": "540601"
}
HTTP/1.1 201 Created
X-Powered-By: Express
Location: /pupils/540601
Content-Type: application/json; charset=utf-8
Content-Length: 75
ETag: W/"4b-uofJA9O+Itc5ilR2HoVss49w9vA"
Date: Sat, 20 Mar 2021 11:01:04 GMT
Connection: keep-alive

{
    "firstName": "Umanga",
    "lastName": "Madawala",
    "gradeId": 1,
    "pupilId": "540601"
}
HTTP/1.1 201 Created
X-Powered-By: Express
Location: /pupils/540601
Content-Type: application/json; charset=utf-8
Content-Length: 75
ETag: W/"4b-uofJA9O+Itc5ilR2HoVss49w9vA"
Date: Sat, 20 Mar 2021 11:01:04 GMT
Connection: keep-alive

{
    "firstName": "Umanga",
    "lastName": "Madawala",
    "gradeId": 1,
    "pupilId": "540601"
}
HTTP/1.1 201 Created
X-Powered-By: Express
Location: /pupils/540601
Content-Type: application/json; charset=utf-8
Content-Length: 75
ETag: W/"4b-uofJA9O+Itc5ilR2HoVss49w9vA"
Date: Sat, 20 Mar 2021 11:01:04 GMT
Connection: keep-alive

{
    "firstName": "Umanga",
    "lastName": "Madawala",
    "gradeId": 1,
    "pupilId": "540601"
}
HTTP/1.1 201 Created
X-Powered-By: Express
Location: /pupils/540601
Content-Type: application/json; charset=utf-8
Content-Length: 75
ETag: W/"4b-uofJA9O+Itc5ilR2HoVss49w9vA"
Date: Sat, 20 Mar 2021 11:01:04 GMT
Connection: keep-alive

{
    "firstName": "Umanga",
    "lastName": "Madawala",
    "gradeId": 1,
    "pupilId": "540601"
}
HTTP/1.1 201 Created
X-Powered-By: Express
Location: /pupils/540601
Content-Type: application/json; charset=utf-8
Content-Length: 75
ETag: W/"4b-uofJA9O+Itc5ilR2HoVss49w9vA"
Date: Sat, 20 Mar 2021 11:01:04 GMT
Connection: keep-alive

{
    "firstName": "Umanga",
    "lastName": "Madawala",
    "gradeId": 1,
    "pupilId": "540601"
}
HTTP/1.1 201 Created
X-Powered-By: Express
Location: /pupils/540601
Content-Type: application/json; charset=utf-8
Content-Length: 75
ETag: W/"4b-uofJA9O+Itc5ilR2HoVss49w9vA"
Date: Sat, 20 Mar 2021 11:01:04 GMT
Connection: keep-alive

{
    "firstName": "Umanga",
    "lastName": "Madawala",
    "gradeId": 1,
    "pupilId": "540601"
}
Request method:	GET
Request URI:	http://localhost:3000/pupils
Proxy:			<none>
Request params:	<none>
Query params:	<none>
Form params:	<none>
Path params:	<none>
Headers:		Accept=*/*
				Content-Type=application/json; charset=UTF-8
Cookies:		<none>
Multiparts:		<none>
Body:			<none>
Request method:	GET
Request URI:	http://localhost:3000/pupils
Proxy:			<none>
Request params:	<none>
Query params:	<none>
Form params:	<none>
Path params:	<none>
Headers:		Accept=*/*
				Content-Type=application/json; charset=UTF-8
Cookies:		<none>
Multiparts:		<none>
Body:			<none>
Request method:	GET
Request URI:	http://localhost:3000/pupils
Proxy:			<none>
Request params:	<none>
Query params:	<none>
Form params:	<none>
Path params:	<none>
Headers:		Accept=*/*
				Content-Type=application/json; charset=UTF-8
Cookies:		<none>
Multiparts:		<none>
Body:			<none>
Request method:	GET
Request URI:	http://localhost:3000/pupils
Proxy:			<none>
Request params:	<none>
Query params:	<none>
Form params:	<none>
Path params:	<none>
Headers:		Accept=*/*
				Content-Type=application/json; charset=UTF-8
Cookies:		<none>
Multiparts:		<none>
Body:			<none>
Request method:	GET
Request URI:	http://localhost:3000/pupils
Proxy:			<none>
Request params:	<none>
Query params:	<none>
Form params:	<none>
Path params:	<none>
Headers:		Accept=*/*
				Content-Type=application/json; charset=UTF-8
Cookies:		<none>
Multiparts:		<none>
Body:			<none>
Request method:	GET
Request URI:	http://localhost:3000/pupils
Proxy:			<none>
Request params:	<none>
Query params:	<none>
Form params:	<none>
Path params:	<none>
Headers:		Accept=*/*
				Content-Type=application/json; charset=UTF-8
Cookies:		<none>
Multiparts:		<none>
Body:			<none>
Request method:	GET
Request URI:	http://localhost:3000/pupils
Proxy:			<none>
Request params:	<none>
Query params:	<none>
Form params:	<none>
Path params:	<none>
Headers:		Accept=*/*
				Content-Type=application/json; charset=UTF-8
Cookies:		<none>
Multiparts:		<none>
Body:			<none>
Request method:	GET
Request URI:	http://localhost:3000/pupils
Proxy:			<none>
Request params:	<none>
Query params:	<none>
Form params:	<none>
Path params:	<none>
Headers:		Accept=*/*
				Content-Type=application/json; charset=UTF-8
Cookies:		<none>
Multiparts:		<none>
Body:			<none>
Request method:	GET
Request URI:	http://localhost:3000/pupils
Proxy:			<none>
Request params:	<none>
Query params:	<none>
Form params:	<none>
Path params:	<none>
Headers:		Accept=*/*
				Content-Type=application/json; charset=UTF-8
Cookies:		<none>
Multiparts:		<none>
Body:			<none>
Request method:	GET
Request URI:	http://localhost:3000/pupils
Proxy:			<none>
Request params:	<none>
Query params:	<none>
Form params:	<none>
Path params:	<none>
Headers:		Accept=*/*
				Content-Type=application/json; charset=UTF-8
Cookies:		<none>
Multiparts:		<none>
Body:			<none>
HTTP/1.1 200 OK
X-Powered-By: Express
Content-Type: application/json; charset=utf-8
Content-Length: 4389
ETag: W/"1125-DYVVWFJUg7fkrgipdNGl9Ys4dt0"
Date: Sat, 20 Mar 2021 11:01:04 GMT
Connection: keep-alive

[
    {
        "pupilId": "1420887",
        "firstName": "Newmcuser",
        "infix": "NewMCUser",
        "lastName": "Nu",
        "classId": 88034,
        "gradeId": 8,
        "email": null,
        "isDisabled": false
    },
    {
        "pupilId": "1420888",
        "firstName": "Zerdarovic",
        "infix": null,
        "lastName": "Biyikovskiy",
        "classId": 88034,
        "gradeId": 8,
        "email": null,
        "isDisabled": false
    },
    {
        "pupilId": "1420889",
        "firstName": "Mcteam",
        "infix": null,
        "lastName": "Test",
        "classId": 88035,
        "gradeId": 6,
        "email": null,
        "isDisabled": false
    },
    {
        "pupilId": "1420896",
        "firstName": "Warren",
        "infix": null,
        "lastName": "Barguil",
        "classId": 88041,
        "gradeId": 5,
        "email": null,
        "isDisabled": false
    },
    {
        "pupilId": "1420897",
        "firstName": "Lillian",
        "infix": null,
        "lastName": "Calmejean",
        "classId": 88041,
        "gradeId": 5,
        "email": null,
        "isDisabled": false
    },
    {
        "pupilId": "1420893",
        "firstName": "Wim",
        "infix": null,
        "lastName": "van der Horst",
        "classId": 88042,
        "gradeId": 4,
        "email": null,
        "isDisabled": false
    },
    {
        "pupilId": "1420894",
        "firstName": "Willen",
        "infix": null,
        "lastName": "Wever",
        "classId": 88042,
        "gradeId": 4,
        "email": null,
        "isDisabled": false
    },
    {
        "firstName": "Umanga",
        "lastName": "Madawala",
        "gradeId": 1,
        "pupilId": "321560"
    },
    {
        "firstName": "Umanga",
        "lastName": "Madawala",
        "gradeId": 1,
        "classId": 1,
        "infix": "NewMCUser",
        "isDisabled": false,
        "email": "test@mail.com",
        "pupilId": "353161"
    },
    {
        "firstName": "Umanga",
        "lastName": "Madawala",
        "gradeId": 1,
        "pupilId": "584880"
    },
    {
        "firstName": "Umanga",
        "lastName": "Madawala",
        "gradeId": 1,
        "pupilId": "867608"
    },
    {
        "firstName": "Umanga",
        "lastName": "Madawala",
        "gradeId": 1,
        "pupilId": "369546"
    },
    {
        "firstName": "Umanga",
[...]
        "pupilId": "867608"
    },
    {
        "firstName": "Umanga",
        "lastName": "Madawala",
        "gradeId": 1,
        "pupilId": "369546"
    },
    {
        "firstName": "Umanga",
        "lastName": "Madawala",
        "gradeId": 1,
        "pupilId": "742795"
    },
    {
        "firstName": "Umanga",
        "lastName": "Madawala",
        "gradeId": 1,
        "pupilId": "855336"
    },
    {
        "firstName": "Umanga",
        "lastName": "Madawala",
        "gradeId": 1,
        "pupilId": "571485"
    },
    {
        "firstName": "Umanga",
        "lastName": "Madawala",
        "gradeId": 1,
        "pupilId": "491294"
    },
    {
        "firstName": "Umanga",
        "lastName": "Madawala",
        "gradeId": 1,
        "classId": 1,
        "infix": "NewMCUser",
        "isDisabled": false,
        "email": "test@mail.com",
        "pupilId": "531549"
    },
    {
        "firstName": "Umanga",
        "lastName": "Madawala",
        "gradeId": 1,
        "pupilId": "111195"
    },
    {
        "firstName": "Umanga",
        "lastName": "Madawala",
        "gradeId": 1,
        "pupilId": "722999"
    },
    {
        "firstName": "Umanga",
        "lastName": "Madawala",
        "gradeId": 1,
        "pupilId": "769352"
    },
    {
        "firstName": "Umanga",
        "lastName": "Madawala",
        "gradeId": 1,
        "pupilId": "604039"
    },
    {
        "firstName": "Umanga",
        "lastName": "Madawala",
        "gradeId": 1,
        "pupilId": "475789"
    },
    {
        "firstName": "Umanga",
        "lastName": "Madawala",
        "gradeId": 1,
        "pupilId": "653478"
    },
    {
        "firstName": "Umanga",
        "lastName": "Madawala",
        "gradeId": 1,
        "pupilId": "992406"
    },
    {
        "firstName": "Umanga",
        "lastName": "Madawala",
        "gradeId": 1,
        "classId": 1,
        "infix": "NewMCUser",
        "isDisabled": false,
        "email": "test@mail.com",
        "pupilId": "852333"
    },
    {
        "firstName": "Umanga",
        "lastName": "Madawala",
        "gradeId": 1,
        "pupilId": "576140"
    },
    {
        "firstName": "Umanga",
        "lastName": "Madawala",
        "gradeId": 1,
        "pupilId": "277806"
    },
    {
        "firstName": "Umanga",
        "lastName": "Madawala",
        "gradeId": 1,
        "pupilId": "654432"
    },
    {
        "firstName": "Umanga",
        "lastName": "Madawala",
        "gradeId": 1,
        "pupilId": "453607"
    },
    {
        "firstName": "Umanga",
        "lastName": "Madawala",
        "gradeId": 1,
        "pupilId": "857034"
    },
    {
        "firstName": "Umanga",
        "lastName": "Madawala",
        "gradeId": 1,
        "pupilId": "855711"
    },
    {
        "firstName": "Umanga",
        "lastName": "Madawala",
        "gradeId": 1,
        "pupilId": "432448"
    },
    {
        "firstName": "Umanga",
        "lastName": "Madawala",
        "gradeId": 1,
        "classId": 1,
        "infix": "NewMCUser",
        "isDisabled": false,
        "email": "test@mail.com",
        "pupilId": "101201"
    },
    {
        "firstName": "Umanga",
        "lastName": "Madawala",
        "gradeId": 1,
        "pupilId": "998521"
    },
    {
        "firstName": "Umanga",
        "lastName": "Madawala",
        "gradeId": 1,
        "pupilId": "698925"
    },
    {
        "firstName": "Umanga",
        "lastName": "Madawala",
        "gradeId": 1,
        "pupilId": "917261"
    },
    {
        "firstName": "Umanga",
        "lastName": "Madawala",
        "gradeId": 1,
        "pupilId": "873510"
    },
    {
        "firstName": "Umanga",
        "lastName": "Madawala",
        "gradeId": 1,
        "pupilId": "805234"
    },
    {
        "firstName": "Umanga",
        "lastName": "Madawala",
        "gradeId": 1,
        "pupilId": "261285"
    },
    {
        "firstName": "Umanga",
        "lastName": "Madawala",
        "gradeId": 1,
        "pupilId": "610671"
    },
    {
        "firstName": "Umanga",
        "lastName": "Madawala",
        "gradeId": 1,
        "classId": 1,
        "infix": "NewMCUser",
        "isDisabled": false,
        "email": "test@mail.com",
        "pupilId": "367269"
    },
    {
        "firstName": "Umanga",
        "lastName": "Madawala",
        "gradeId": 1,
        "pupilId": "719034"
    },
    {
        "firstName": "Umanga",
        "lastName": "Madawala",
        "gradeId": 1,
        "pupilId": "618126"
    },
    {
        "firstName": "Umanga",
        "lastName": "Madawala",
        "gradeId": 1,
        "pupilId": "326235"
    },
    {
        "firstName": "Umanga",
        "lastName": "Madawala",
        "gradeId": 1,
        "pupilId": "871874"
    },
    {
        "firstName": "Umanga",
        "lastName": "Madawala",
        "gradeId": 1,
        "pupilId": "735485"
    },
    {
        "firstName": "Umanga",
        "lastName": "Madawala",
        "gradeId": 1,
        "pupilId": "540601"
    }
]
HTTP/1.1 200 OK
X-Powered-By: Express
Content-Type: application/json; charset=utf-8
Content-Length: 4389
ETag: W/"1125-DYVVWFJUg7fkrgipdNGl9Ys4dt0"
Date: Sat, 20 Mar 2021 11:01:04 GMT
Connection: keep-alive

[
    {
        "pupilId": "1420887",
        "firstName": "Newmcuser",
        "infix": "NewMCUser",
        "lastName": "Nu",
        "classId": 88034,
        "gradeId": 8,
        "email": null,
        "isDisabled": false
    },
    {
        "pupilId": "1420888",
        "firstName": "Zerdarovic",
        "infix": null,
        "lastName": "Biyikovskiy",
        "classId": 88034,
        "gradeId": 8,
        "email": null,
        "isDisabled": false
    },
    {
        "pupilId": "1420889",
        "firstName": "Mcteam",
        "infix": null,
        "lastName": "Test",
        "classId": 88035,
        "gradeId": 6,
        "email": null,
        "isDisabled": false
    },
    {
        "pupilId": "1420896",
        "firstName": "Warren",
        "infix": null,
        "lastName": "Barguil",
        "classId": 88041,
        "gradeId": 5,
        "email": null,
        "isDisabled": false
    },
    {
        "pupilId": "1420897",
        "firstName": "Lillian",
        "infix": null,
        "lastName": "Calmejean",
        "classId": 88041,
        "gradeId": 5,
        "email": null,
        "isDisabled": false
    },
    {
        "pupilId": "1420893",
        "firstName": "Wim",
        "infix": null,
        "lastName": "van der Horst",
        "classId": 88042,
        "gradeId": 4,
        "email": null,
        "isDisabled": false
    },
    {
        "pupilId": "1420894",
        "firstName": "Willen",
        "infix": null,
        "lastName": "Wever",
        "classId": 88042,
        "gradeId": 4,
        "email": null,
        "isDisabled": false
    },
    {
        "firstName": "Umanga",
        "lastName": "Madawala",
        "gradeId": 1,
        "pupilId": "321560"
    },
    {
        "firstName": "Umanga",
        "lastName": "Madawala",
        "gradeId": 1,
        "classId": 1,
        "infix": "NewMCUser",
        "isDisabled": false,
        "email": "test@mail.com",
        "pupilId": "353161"
    },
    {
        "firstName": "Umanga",
        "lastName": "Madawala",
        "gradeId": 1,
        "pupilId": "584880"
    },
    {
        "firstName": "Umanga",
        "lastName": "Madawala",
        "gradeId": 1,
        "pupilId": "867608"
    },
    {
        "firstName": "Umanga",
        "lastName": "Madawala",
        "gradeId": 1,
        "pupilId": "369546"
    },
    {
        "firstName": "Umanga",
        "lastName": "Madawala",
        "gradeId": 1,
        "pupilId": "742795"
    },
    {
        "firstName": "Umanga",
        "lastName": "Madawala",
        "gradeId": 1,
        "pupilId": "855336"
    },
    {
        "firstName": "Umanga",
        "lastName": "Madawala",
        "gradeId": 1,
        "pupilId": "571485"
    },
    {
        "firstName": "Umanga",
        "lastName": "Madawala",
        "gradeId": 1,
        "pupilId": "491294"
    },
    {
        "firstName": "Umanga",
        "lastName": "Madawala",
        "gradeId": 1,
        "classId": 1,
        "infix": "NewMCUser",
        "isDisabled": false,
        "email": "test@mail.com",
        "pupilId": "531549"
    },
    {
        "firstName": "Umanga",
        "lastName": "Madawala",
        "gradeId": 1,
        "pupilId": "111195"
    },
    {
        "firstName": "Umanga",
        "lastName": "Madawala",
        "gradeId": 1,
        "pupilId": "722999"
    },
    {
        "firstName": "Umanga",
        "lastName": "Madawala",
        "gradeId": 1,
        "pupilId": "769352"
    },
    {
        "firstName": "Umanga",
        "lastName": "Madawala",
        "gradeId": 1,
        "pupilId": "604039"
    },
    {
        "firstName": "Umanga",
        "lastName": "Madawala",
        "gradeId": 1,
        "pupilId": "475789"
    },
    {
        "firstName": "Umanga",
        "lastName": "Madawala",
        "gradeId": 1,
        "pupilId": "653478"
    },
    {
        "firstName": "Umanga",
        "lastName": "Madawala",
        "gradeId": 1,
        "pupilId": "992406"
    },
    {
        "firstName": "Umanga",
        "lastName": "Madawala",
        "gradeId": 1,
        "classId": 1,
        "infix": "NewMCUser",
        "isDisabled": false,
        "email": "test@mail.com",
        "pupilId": "852333"
    },
    {
        "firstName": "Umanga",
        "lastName": "Madawala",
        "gradeId": 1,
        "pupilId": "576140"
    },
    {
        "firstName": "Umanga",
        "lastName": "Madawala",
        "gradeId": 1,
        "pupilId": "277806"
    },
    {
        "firstName": "Umanga",
        "lastName": "Madawala",
        "gradeId": 1,
        "pupilId": "654432"
    },
    {
        "firstName": "Umanga",
        "lastName": "Madawala",
        "gradeId": 1,
        "pupilId": "453607"
    },
    {
        "firstName": "Umanga",
        "lastName": "Madawala",
        "gradeId": 1,
        "pupilId": "857034"
    },
    {
        "firstName": "Umanga",
        "lastName": "Madawala",
        "gradeId": 1,
        "pupilId": "855711"
    },
    {
        "firstName": "Umanga",
        "lastName": "Madawala",
        "gradeId": 1,
        "pupilId": "432448"
    },
    {
        "firstName": "Umanga",
        "lastName": "Madawala",
        "gradeId": 1,
        "classId": 1,
        "infix": "NewMCUser",
        "isDisabled": false,
        "email": "test@mail.com",
        "pupilId": "101201"
    },
    {
        "firstName": "Umanga",
        "lastName": "Madawala",
        "gradeId": 1,
        "pupilId": "998521"
    },
    {
        "firstName": "Umanga",
        "lastName": "Madawala",
        "gradeId": 1,
        "pupilId": "698925"
    },
    {
        "firstName": "Umanga",
        "lastName": "Madawala",
        "gradeId": 1,
        "pupilId": "917261"
    },
    {
        "firstName": "Umanga",
        "lastName": "Madawala",
        "gradeId": 1,
        "pupilId": "873510"
    },
    {
        "firstName": "Umanga",
        "lastName": "Madawala",
        "gradeId": 1,
        "pupilId": "805234"
    },
    {
        "firstName": "Umanga",
        "lastName": "Madawala",
        "gradeId": 1,
        "pupilId": "261285"
    },
    {
        "firstName": "Umanga",
        "lastName": "Madawala",
        "gradeId": 1,
        "pupilId": "610671"
    },
    {
        "firstName": "Umanga",
        "lastName": "Madawala",
        "gradeId": 1,
        "classId": 1,
        "infix": "NewMCUser",
        "isDisabled": false,
        "email": "test@mail.com",
        "pupilId": "367269"
    },
    {
        "firstName": "Umanga",
        "lastName": "Madawala",
        "gradeId": 1,
        "pupilId": "719034"
    },
    {
        "firstName": "Umanga",
        "lastName": "Madawala",
        "gradeId": 1,
        "pupilId": "618126"
    },
    {
        "firstName": "Umanga",
        "lastName": "Madawala",
        "gradeId": 1,
        "pupilId": "326235"
    },
    {
        "firstName": "Umanga",
        "lastName": "Madawala",
        "gradeId": 1,
        "pupilId": "871874"
    },
    {
        "firstName": "Umanga",
        "lastName": "Madawala",
        "gradeId": 1,
        "pupilId": "735485"
    },
    {
        "firstName": "Umanga",
        "lastName": "Madawala",
        "gradeId": 1,
        "pupilId": "540601"
    }
]
HTTP/1.1 200 OK
X-Powered-By: Express
Content-Type: application/json; charset=utf-8
Content-Length: 4389
ETag: W/"1125-DYVVWFJUg7fkrgipdNGl9Ys4dt0"
Date: Sat, 20 Mar 2021 11:01:04 GMT
Connection: keep-alive

[
    {
        "pupilId": "1420887",
        "firstName": "Newmcuser",
        "infix": "NewMCUser",
        "lastName": "Nu",
        "classId": 88034,
        "gradeId": 8,
        "email": null,
        "isDisabled": false
    },
    {
        "pupilId": "1420888",
        "firstName": "Zerdarovic",
        "infix": null,
        "lastName": "Biyikovskiy",
        "classId": 88034,
        "gradeId": 8,
        "email": null,
        "isDisabled": false
    },
    {
        "pupilId": "1420889",
        "firstName": "Mcteam",
        "infix": null,
        "lastName": "Test",
        "classId": 88035,
        "gradeId": 6,
        "email": null,
        "isDisabled": false
    },
    {
        "pupilId": "1420896",
        "firstName": "Warren",
        "infix": null,
        "lastName": "Barguil",
        "classId": 88041,
        "gradeId": 5,
        "email": null,
        "isDisabled": false
    },
    {
        "pupilId": "1420897",
        "firstName": "Lillian",
        "infix": null,
        "lastName": "Calmejean",
        "classId": 88041,
        "gradeId": 5,
        "email": null,
        "isDisabled": false
    },
    {
        "pupilId": "1420893",
        "firstName": "Wim",
        "infix": null,
        "lastName": "van der Horst",
        "classId": 88042,
        "gradeId": 4,
        "email": null,
        "isDisabled": false
    },
    {
        "pupilId": "1420894",
        "firstName": "Willen",
        "infix": null,
        "lastName": "Wever",
        "classId": 88042,
        "gradeId": 4,
        "email": null,
        "isDisabled": false
    },
    {
        "firstName": "Umanga",
        "lastName": "Madawala",
        "gradeId": 1,
        "pupilId": "321560"
    },
    {
        "firstName": "Umanga",
        "lastName": "Madawala",
        "gradeId": 1,
        "classId": 1,
        "infix": "NewMCUser",
        "isDisabled": false,
        "email": "test@mail.com",
        "pupilId": "353161"
    },
    {
        "firstName": "Umanga",
        "lastName": "Madawala",
        "gradeId": 1,
        "pupilId": "584880"
    },
    {
        "firstName": "Umanga",
        "lastName": "Madawala",
        "gradeId": 1,
        "pupilId": "867608"
    },
    {
        "firstName": "Umanga",
        "lastName": "Madawala",
        "gradeId": 1,
        "pupilId": "369546"
    },
    {
        "firstName": "Umanga",
        "lastName": "Madawala",
        "gradeId": 1,
        "pupilId": "742795"
    },
    {
        "firstName": "Umanga",
        "lastName": "Madawala",
        "gradeId": 1,
        "pupilId": "855336"
    },
    {
        "firstName": "Umanga",
        "lastName": "Madawala",
        "gradeId": 1,
        "pupilId": "571485"
    },
    {
        "firstName": "Umanga",
        "lastName": "Madawala",
        "gradeId": 1,
        "pupilId": "491294"
    },
    {
        "firstName": "Umanga",
        "lastName": "Madawala",
        "gradeId": 1,
        "classId": 1,
        "infix": "NewMCUser",
        "isDisabled": false,
        "email": "test@mail.com",
        "pupilId": "531549"
    },
    {
        "firstName": "Umanga",
        "lastName": "Madawala",
        "gradeId": 1,
        "pupilId": "111195"
    },
    {
        "firstName": "Umanga",
        "lastName": "Madawala",
        "gradeId": 1,
        "pupilId": "722999"
    },
    {
        "firstName": "Umanga",
        "lastName": "Madawala",
        "gradeId": 1,
        "pupilId": "769352"
    },
    {
        "firstName": "Umanga",
        "lastName": "Madawala",
        "gradeId": 1,
        "pupilId": "604039"
    },
    {
        "firstName": "Umanga",
        "lastName": "Madawala",
        "gradeId": 1,
        "pupilId": "475789"
    },
    {
        "firstName": "Umanga",
        "lastName": "Madawala",
        "gradeId": 1,
        "pupilId": "653478"
    },
    {
        "firstName": "Umanga",
        "lastName": "Madawala",
        "gradeId": 1,
        "pupilId": "992406"
    },
    {
        "firstName": "Umanga",
        "lastName": "Madawala",
        "gradeId": 1,
        "classId": 1,
        "infix": "NewMCUser",
        "isDisabled": false,
        "email": "test@mail.com",
        "pupilId": "852333"
    },
    {
        "firstName": "Umanga",
        "lastName": "Madawala",
        "gradeId": 1,
        "pupilId": "576140"
    },
    {
        "firstName": "Umanga",
        "lastName": "Madawala",
        "gradeId": 1,
        "pupilId": "277806"
    },
    {
        "firstName": "Umanga",
        "lastName": "Madawala",
        "gradeId": 1,
        "pupilId": "654432"
    },
    {
        "firstName": "Umanga",
        "lastName": "Madawala",
        "gradeId": 1,
        "pupilId": "453607"
    },
    {
        "firstName": "Umanga",
        "lastName": "Madawala",
        "gradeId": 1,
        "pupilId": "857034"
    },
    {
        "firstName": "Umanga",
        "lastName": "Madawala",
        "gradeId": 1,
        "pupilId": "855711"
    },
    {
        "firstName": "Umanga",
        "lastName": "Madawala",
        "gradeId": 1,
        "pupilId": "432448"
    },
    {
        "firstName": "Umanga",
        "lastName": "Madawala",
        "gradeId": 1,
        "classId": 1,
        "infix": "NewMCUser",
        "isDisabled": false,
        "email": "test@mail.com",
        "pupilId": "101201"
    },
    {
        "firstName": "Umanga",
        "lastName": "Madawala",
        "gradeId": 1,
        "pupilId": "998521"
    },
    {
        "firstName": "Umanga",
        "lastName": "Madawala",
        "gradeId": 1,
        "pupilId": "698925"
    },
    {
        "firstName": "Umanga",
        "lastName": "Madawala",
        "gradeId": 1,
        "pupilId": "917261"
    },
    {
        "firstName": "Umanga",
        "lastName": "Madawala",
        "gradeId": 1,
        "pupilId": "873510"
    },
    {
        "firstName": "Umanga",
        "lastName": "Madawala",
        "gradeId": 1,
        "pupilId": "805234"
    },
    {
        "firstName": "Umanga",
        "lastName": "Madawala",
        "gradeId": 1,
        "pupilId": "261285"
    },
    {
        "firstName": "Umanga",
        "lastName": "Madawala",
        "gradeId": 1,
        "pupilId": "610671"
    },
    {
        "firstName": "Umanga",
        "lastName": "Madawala",
        "gradeId": 1,
        "classId": 1,
        "infix": "NewMCUser",
        "isDisabled": false,
        "email": "test@mail.com",
        "pupilId": "367269"
    },
    {
        "firstName": "Umanga",
        "lastName": "Madawala",
        "gradeId": 1,
        "pupilId": "719034"
    },
    {
        "firstName": "Umanga",
        "lastName": "Madawala",
        "gradeId": 1,
        "pupilId": "618126"
    },
    {
        "firstName": "Umanga",
        "lastName": "Madawala",
        "gradeId": 1,
        "pupilId": "326235"
    },
    {
        "firstName": "Umanga",
        "lastName": "Madawala",
        "gradeId": 1,
        "pupilId": "871874"
    },
    {
        "firstName": "Umanga",
        "lastName": "Madawala",
        "gradeId": 1,
        "pupilId": "735485"
    },
    {
        "firstName": "Umanga",
        "lastName": "Madawala",
        "gradeId": 1,
        "pupilId": "540601"
    }
]
Scenario Ended: User should be able to get all pupils created
]]></system-out>
  </testcase>
</testsuite>