-------------------------------------------------------------------------------
Test set: TestSuite
-------------------------------------------------------------------------------
Tests run: 18, Failures: 6, Errors: 0, Skipped: 0, Time elapsed: 8.181 s <<< FAILURE! - in TestSuite
testRunner.TestNGTestRunner.runScenario["User should not be able to add pupil if basic authentication header is not provided", "Optional[Add Pupil request functional tests]"](3)  Time elapsed: 0.14 s  <<< FAILURE!
java.lang.AssertionError: 
"message" field does not exist in response body

Actual Response body is {"status":401,"massage":"Authorization header required"}


testRunner.TestNGTestRunner.runScenario["User should be able to delete a pupil with valid pupilId", "Optional[Delete Pupils request functional tests]"](11)  Time elapsed: 0.217 s  <<< FAILURE!
java.lang.IllegalStateException: 
Expected response body to be verified as JSON, HTML or XML but no content-type was defined in the response.
Try registering a default parser using:
   RestAssured.defaultParser(<parser type>);
Content was:



testRunner.TestNGTestRunner.runScenario["User should not be able to delete a pupil with non-existent pupilId", "Optional[Delete Pupils request functional tests]"](12)  Time elapsed: 0.22 s  <<< FAILURE!
java.lang.AssertionError: 
1 expectation failed.
Expected status code <404> but was <204>.


Actual Response body is 


testRunner.TestNGTestRunner.runScenario["User should not be able to delete a pupil with non-existent pupilId", "Optional[Delete Pupils request functional tests]"](13)  Time elapsed: 0.235 s  <<< FAILURE!
java.lang.AssertionError: 
"message" field does not exist in response body

Actual Response body is {"status":405,"massage":"DELETE method not allowed"}


testRunner.TestNGTestRunner.runScenario["User should not be able to delete a pupil if basic authentication header is not provided", "Optional[Delete Pupils request functional tests]"](14)  Time elapsed: 0.2 s  <<< FAILURE!
java.lang.AssertionError: 
"message" field does not exist in response body

Actual Response body is {"status":401,"massage":"Authorization header required"}


testRunner.TestNGTestRunner.runScenario["User should not be able to get a pupil with non-existent pupilId", "Optional[Get Pupil request functional tests]"](16)  Time elapsed: 0.267 s  <<< FAILURE!
java.lang.AssertionError: 
1 expectation failed.
Expected status code <404> but was <504>.


Actual Response body is {"status":504,"massage":"Pupil with ID: \"12321\" not found"}


